[2025-04-09T16:33:19.849063+02:00] html_error_renderer.ERROR: 
[1045] An exception occurred in the driver: SQLSTATE[HY000] [1045] Access denied for user 'root'@'localhost' (using password: YES) in C:\Users\ASUS\Desktop\Asignaturas\Asignaturas\CUARTO\TDW\apiAnalesCiencia\vendor\doctrine\dbal\src\Driver\API\MySQL\ExceptionConverter.php on line 80.
Backtrace:
#0 C:\Users\ASUS\Desktop\Asignaturas\Asignaturas\CUARTO\TDW\apiAnalesCiencia\vendor\doctrine\dbal\src\Connection.php(1418): Doctrine\DBAL\Driver\API\MySQL\ExceptionConverter->convert(Object(Doctrine\DBAL\Driver\PDO\Exception), NULL)
#1 C:\Users\ASUS\Desktop\Asignaturas\Asignaturas\CUARTO\TDW\apiAnalesCiencia\vendor\doctrine\dbal\src\Connection.php(1366): Doctrine\DBAL\Connection->handleDriverException(Object(Doctrine\DBAL\Driver\PDO\Exception), NULL)
#2 C:\Users\ASUS\Desktop\Asignaturas\Asignaturas\CUARTO\TDW\apiAnalesCiencia\vendor\doctrine\dbal\src\Connection.php(227): Doctrine\DBAL\Connection->convertException(Object(Doctrine\DBAL\Driver\PDO\Exception))
#3 C:\Users\ASUS\Desktop\Asignaturas\Asignaturas\CUARTO\TDW\apiAnalesCiencia\vendor\doctrine\dbal\src\Connection.php(770): Doctrine\DBAL\Connection->connect()
#4 C:\Users\ASUS\Desktop\Asignaturas\Asignaturas\CUARTO\TDW\apiAnalesCiencia\vendor\doctrine\orm\src\Persisters\Entity\BasicEntityPersister.php(886): Doctrine\DBAL\Connection->executeQuery('SELECT t0.id AS...', Array, Array)
#5 C:\Users\ASUS\Desktop\Asignaturas\Asignaturas\CUARTO\TDW\apiAnalesCiencia\vendor\doctrine\orm\src\LazyCriteriaCollection.php(93): Doctrine\ORM\Persisters\Entity\BasicEntityPersister->loadCriteria(Object(Doctrine\Common\Collections\Criteria))
#6 C:\Users\ASUS\Desktop\Asignaturas\Asignaturas\CUARTO\TDW\apiAnalesCiencia\vendor\doctrine\collections\src\AbstractLazyCollection.php(400): Doctrine\ORM\LazyCriteriaCollection->doInitialize()
#7 C:\Users\ASUS\Desktop\Asignaturas\Asignaturas\CUARTO\TDW\apiAnalesCiencia\vendor\doctrine\collections\src\AbstractLazyCollection.php(138): Doctrine\Common\Collections\AbstractLazyCollection->initialize()
#8 C:\Users\ASUS\Desktop\Asignaturas\Asignaturas\CUARTO\TDW\apiAnalesCiencia\src\Controller\Element\ElementBaseQueryController.php(61): Doctrine\Common\Collections\AbstractLazyCollection->getValues()
#9 C:\Users\ASUS\Desktop\Asignaturas\Asignaturas\CUARTO\TDW\apiAnalesCiencia\vendor\slim\slim\Slim\Handlers\Strategies\RequestResponse.php(38): TDW\ACiencia\Controller\Element\ElementBaseQueryController->cget(Object(Slim\Http\ServerRequest), Object(Slim\Http\Response), Array)
#10 C:\Users\ASUS\Desktop\Asignaturas\Asignaturas\CUARTO\TDW\apiAnalesCiencia\vendor\slim\slim\Slim\Routing\Route.php(363): Slim\Handlers\Strategies\RequestResponse->__invoke(Array, Object(Slim\Http\ServerRequest), Object(Slim\Http\Response), Array)
#11 C:\Users\ASUS\Desktop\Asignaturas\Asignaturas\CUARTO\TDW\apiAnalesCiencia\vendor\slim\slim\Slim\MiddlewareDispatcher.php(73): Slim\Routing\Route->handle(Object(Slim\Http\ServerRequest))
#12 C:\Users\ASUS\Desktop\Asignaturas\Asignaturas\CUARTO\TDW\apiAnalesCiencia\vendor\slim\slim\Slim\MiddlewareDispatcher.php(73): Slim\MiddlewareDispatcher->handle(Object(Slim\Http\ServerRequest))
#13 C:\Users\ASUS\Desktop\Asignaturas\Asignaturas\CUARTO\TDW\apiAnalesCiencia\vendor\slim\slim\Slim\Routing\Route.php(321): Slim\MiddlewareDispatcher->handle(Object(Slim\Http\ServerRequest))
#14 C:\Users\ASUS\Desktop\Asignaturas\Asignaturas\CUARTO\TDW\apiAnalesCiencia\vendor\slim\slim\Slim\Routing\RouteRunner.php(74): Slim\Routing\Route->run(Object(Slim\Http\ServerRequest))
#15 C:\Users\ASUS\Desktop\Asignaturas\Asignaturas\CUARTO\TDW\apiAnalesCiencia\vendor\slim\slim\Slim\Middleware\BodyParsingMiddleware.php(65): Slim\Routing\RouteRunner->handle(Object(Slim\Http\ServerRequest))
#16 C:\Users\ASUS\Desktop\Asignaturas\Asignaturas\CUARTO\TDW\apiAnalesCiencia\vendor\slim\slim\Slim\MiddlewareDispatcher.php(129): Slim\Middleware\BodyParsingMiddleware->process(Object(Slim\Http\ServerRequest), Object(Slim\Routing\RouteRunner))
#17 C:\Users\ASUS\Desktop\Asignaturas\Asignaturas\CUARTO\TDW\apiAnalesCiencia\src\Middleware\CorsMiddleware.php(35): Psr\Http\Server\RequestHandlerInterface@anonymous->handle(Object(Slim\Http\ServerRequest))
#18 C:\Users\ASUS\Desktop\Asignaturas\Asignaturas\CUARTO\TDW\apiAnalesCiencia\vendor\slim\slim\Slim\MiddlewareDispatcher.php(177): TDW\ACiencia\Middleware\CorsMiddleware->process(Object(Slim\Http\ServerRequest), Object(Psr\Http\Server\RequestHandlerInterface@anonymous))
#19 C:\Users\ASUS\Desktop\Asignaturas\Asignaturas\CUARTO\TDW\apiAnalesCiencia\vendor\slim\slim\Slim\Middleware\RoutingMiddleware.php(45): Psr\Http\Server\RequestHandlerInterface@anonymous->handle(Object(Slim\Http\ServerRequest))
#20 C:\Users\ASUS\Desktop\Asignaturas\Asignaturas\CUARTO\TDW\apiAnalesCiencia\vendor\slim\slim\Slim\MiddlewareDispatcher.php(129): Slim\Middleware\RoutingMiddleware->process(Object(Slim\Http\ServerRequest), Object(Psr\Http\Server\RequestHandlerInterface@anonymous))
#21 C:\Users\ASUS\Desktop\Asignaturas\Asignaturas\CUARTO\TDW\apiAnalesCiencia\vendor\slim\slim\Slim\Middleware\ErrorMiddleware.php(77): Psr\Http\Server\RequestHandlerInterface@anonymous->handle(Object(Slim\Http\ServerRequest))
#22 C:\Users\ASUS\Desktop\Asignaturas\Asignaturas\CUARTO\TDW\apiAnalesCiencia\vendor\slim\slim\Slim\MiddlewareDispatcher.php(129): Slim\Middleware\ErrorMiddleware->process(Object(Slim\Http\ServerRequest), Object(Psr\Http\Server\RequestHandlerInterface@anonymous))
#23 C:\Users\ASUS\Desktop\Asignaturas\Asignaturas\CUARTO\TDW\apiAnalesCiencia\vendor\slim\slim\Slim\MiddlewareDispatcher.php(73): Psr\Http\Server\RequestHandlerInterface@anonymous->handle(Object(Slim\Http\ServerRequest))
#24 C:\Users\ASUS\Desktop\Asignaturas\Asignaturas\CUARTO\TDW\apiAnalesCiencia\vendor\slim\slim\Slim\App.php(209): Slim\MiddlewareDispatcher->handle(Object(Slim\Http\ServerRequest))
#25 C:\Users\ASUS\Desktop\Asignaturas\Asignaturas\CUARTO\TDW\apiAnalesCiencia\vendor\slim\slim\Slim\App.php(193): Slim\App->handle(Object(Slim\Http\ServerRequest))
#26 C:\Users\ASUS\Desktop\Asignaturas\Asignaturas\CUARTO\TDW\apiAnalesCiencia\public\index.php(19): Slim\App->run()
#27 {main} [] []
[2025-04-09T16:37:55.941592+02:00] html_error_renderer.ERROR: 
[405] Method not allowed. Must be one of: OPTIONS, POST in C:\Users\ASUS\Desktop\Asignaturas\Asignaturas\CUARTO\TDW\apiAnalesCiencia\vendor\slim\slim\Slim\Middleware\RoutingMiddleware.php on line 79.
Backtrace:
#0 C:\Users\ASUS\Desktop\Asignaturas\Asignaturas\CUARTO\TDW\apiAnalesCiencia\vendor\slim\slim\Slim\Middleware\RoutingMiddleware.php(44): Slim\Middleware\RoutingMiddleware->performRouting(Object(Slim\Http\ServerRequest))
#1 C:\Users\ASUS\Desktop\Asignaturas\Asignaturas\CUARTO\TDW\apiAnalesCiencia\vendor\slim\slim\Slim\MiddlewareDispatcher.php(129): Slim\Middleware\RoutingMiddleware->process(Object(Slim\Http\ServerRequest), Object(Psr\Http\Server\RequestHandlerInterface@anonymous))
#2 C:\Users\ASUS\Desktop\Asignaturas\Asignaturas\CUARTO\TDW\apiAnalesCiencia\vendor\slim\slim\Slim\Middleware\ErrorMiddleware.php(77): Psr\Http\Server\RequestHandlerInterface@anonymous->handle(Object(Slim\Http\ServerRequest))
#3 C:\Users\ASUS\Desktop\Asignaturas\Asignaturas\CUARTO\TDW\apiAnalesCiencia\vendor\slim\slim\Slim\MiddlewareDispatcher.php(129): Slim\Middleware\ErrorMiddleware->process(Object(Slim\Http\ServerRequest), Object(Psr\Http\Server\RequestHandlerInterface@anonymous))
#4 C:\Users\ASUS\Desktop\Asignaturas\Asignaturas\CUARTO\TDW\apiAnalesCiencia\vendor\slim\slim\Slim\MiddlewareDispatcher.php(73): Psr\Http\Server\RequestHandlerInterface@anonymous->handle(Object(Slim\Http\ServerRequest))
#5 C:\Users\ASUS\Desktop\Asignaturas\Asignaturas\CUARTO\TDW\apiAnalesCiencia\vendor\slim\slim\Slim\App.php(209): Slim\MiddlewareDispatcher->handle(Object(Slim\Http\ServerRequest))
#6 C:\Users\ASUS\Desktop\Asignaturas\Asignaturas\CUARTO\TDW\apiAnalesCiencia\vendor\slim\slim\Slim\App.php(193): Slim\App->handle(Object(Slim\Http\ServerRequest))
#7 C:\Users\ASUS\Desktop\Asignaturas\Asignaturas\CUARTO\TDW\apiAnalesCiencia\public\index.php(19): Slim\App->run()
#8 {main} [] []
[2025-04-09T16:38:31.205812+02:00] html_error_renderer.ERROR: 
[405] Method not allowed. Must be one of: OPTIONS, POST in C:\Users\ASUS\Desktop\Asignaturas\Asignaturas\CUARTO\TDW\apiAnalesCiencia\vendor\slim\slim\Slim\Middleware\RoutingMiddleware.php on line 79.
Backtrace:
#0 C:\Users\ASUS\Desktop\Asignaturas\Asignaturas\CUARTO\TDW\apiAnalesCiencia\vendor\slim\slim\Slim\Middleware\RoutingMiddleware.php(44): Slim\Middleware\RoutingMiddleware->performRouting(Object(Slim\Http\ServerRequest))
#1 C:\Users\ASUS\Desktop\Asignaturas\Asignaturas\CUARTO\TDW\apiAnalesCiencia\vendor\slim\slim\Slim\MiddlewareDispatcher.php(129): Slim\Middleware\RoutingMiddleware->process(Object(Slim\Http\ServerRequest), Object(Psr\Http\Server\RequestHandlerInterface@anonymous))
#2 C:\Users\ASUS\Desktop\Asignaturas\Asignaturas\CUARTO\TDW\apiAnalesCiencia\vendor\slim\slim\Slim\Middleware\ErrorMiddleware.php(77): Psr\Http\Server\RequestHandlerInterface@anonymous->handle(Object(Slim\Http\ServerRequest))
#3 C:\Users\ASUS\Desktop\Asignaturas\Asignaturas\CUARTO\TDW\apiAnalesCiencia\vendor\slim\slim\Slim\MiddlewareDispatcher.php(129): Slim\Middleware\ErrorMiddleware->process(Object(Slim\Http\ServerRequest), Object(Psr\Http\Server\RequestHandlerInterface@anonymous))
#4 C:\Users\ASUS\Desktop\Asignaturas\Asignaturas\CUARTO\TDW\apiAnalesCiencia\vendor\slim\slim\Slim\MiddlewareDispatcher.php(73): Psr\Http\Server\RequestHandlerInterface@anonymous->handle(Object(Slim\Http\ServerRequest))
#5 C:\Users\ASUS\Desktop\Asignaturas\Asignaturas\CUARTO\TDW\apiAnalesCiencia\vendor\slim\slim\Slim\App.php(209): Slim\MiddlewareDispatcher->handle(Object(Slim\Http\ServerRequest))
#6 C:\Users\ASUS\Desktop\Asignaturas\Asignaturas\CUARTO\TDW\apiAnalesCiencia\vendor\slim\slim\Slim\App.php(193): Slim\App->handle(Object(Slim\Http\ServerRequest))
#7 C:\Users\ASUS\Desktop\Asignaturas\Asignaturas\CUARTO\TDW\apiAnalesCiencia\public\index.php(19): Slim\App->run()
#8 {main} [] []
