[2025-04-09T16:27:33.678851+02:00] json_error_renderer.ERROR: 
[2002] An exception occurred in the driver: SQLSTATE[HY000] [2002] No se puede establecer una conexión ya que el equipo de destino denegó expresamente dicha conexión in C:\Users\ASUS\Desktop\Asignaturas\Asignaturas\CUARTO\TDW\apiAnalesCiencia\vendor\doctrine\dbal\src\Driver\API\MySQL\ExceptionConverter.php on line 80.
Backtrace:
#0 C:\Users\ASUS\Desktop\Asignaturas\Asignaturas\CUARTO\TDW\apiAnalesCiencia\vendor\doctrine\dbal\src\Connection.php(1418): Doctrine\DBAL\Driver\API\MySQL\ExceptionConverter->convert(Object(Doctrine\DBAL\Driver\PDO\Exception), NULL)
#1 C:\Users\ASUS\Desktop\Asignaturas\Asignaturas\CUARTO\TDW\apiAnalesCiencia\vendor\doctrine\dbal\src\Connection.php(1366): Doctrine\DBAL\Connection->handleDriverException(Object(Doctrine\DBAL\Driver\PDO\Exception), NULL)
#2 C:\Users\ASUS\Desktop\Asignaturas\Asignaturas\CUARTO\TDW\apiAnalesCiencia\vendor\doctrine\dbal\src\Connection.php(227): Doctrine\DBAL\Connection->convertException(Object(Doctrine\DBAL\Driver\PDO\Exception))
#3 C:\Users\ASUS\Desktop\Asignaturas\Asignaturas\CUARTO\TDW\apiAnalesCiencia\vendor\doctrine\dbal\src\Connection.php(770): Doctrine\DBAL\Connection->connect()
#4 C:\Users\ASUS\Desktop\Asignaturas\Asignaturas\CUARTO\TDW\apiAnalesCiencia\vendor\doctrine\orm\src\Persisters\Entity\BasicEntityPersister.php(865): Doctrine\DBAL\Connection->executeQuery('SELECT COUNT(*)...', Array, Array)
#5 C:\Users\ASUS\Desktop\Asignaturas\Asignaturas\CUARTO\TDW\apiAnalesCiencia\vendor\doctrine\orm\src\LazyCriteriaCollection.php(51): Doctrine\ORM\Persisters\Entity\BasicEntityPersister->count(Object(Doctrine\Common\Collections\Criteria))
#6 C:\Users\ASUS\Desktop\Asignaturas\Asignaturas\CUARTO\TDW\apiAnalesCiencia\src\Controller\User\CreateCommand.php(58): Doctrine\ORM\LazyCriteriaCollection->count()
#7 C:\Users\ASUS\Desktop\Asignaturas\Asignaturas\CUARTO\TDW\apiAnalesCiencia\vendor\slim\slim\Slim\Handlers\Strategies\RequestResponse.php(38): TDW\ACiencia\Controller\User\CreateCommand->__invoke(Object(Slim\Http\ServerRequest), Object(Slim\Http\Response), Array)
#8 C:\Users\ASUS\Desktop\Asignaturas\Asignaturas\CUARTO\TDW\apiAnalesCiencia\vendor\slim\slim\Slim\Routing\Route.php(363): Slim\Handlers\Strategies\RequestResponse->__invoke(Array, Object(Slim\Http\ServerRequest), Object(Slim\Http\Response), Array)
#9 C:\Users\ASUS\Desktop\Asignaturas\Asignaturas\CUARTO\TDW\apiAnalesCiencia\vendor\slim\slim\Slim\MiddlewareDispatcher.php(73): Slim\Routing\Route->handle(Object(Slim\Http\ServerRequest))
#10 C:\Users\ASUS\Desktop\Asignaturas\Asignaturas\CUARTO\TDW\apiAnalesCiencia\vendor\slim\slim\Slim\MiddlewareDispatcher.php(73): Slim\MiddlewareDispatcher->handle(Object(Slim\Http\ServerRequest))
#11 C:\Users\ASUS\Desktop\Asignaturas\Asignaturas\CUARTO\TDW\apiAnalesCiencia\vendor\slim\slim\Slim\Routing\Route.php(321): Slim\MiddlewareDispatcher->handle(Object(Slim\Http\ServerRequest))
#12 C:\Users\ASUS\Desktop\Asignaturas\Asignaturas\CUARTO\TDW\apiAnalesCiencia\vendor\slim\slim\Slim\Routing\RouteRunner.php(74): Slim\Routing\Route->run(Object(Slim\Http\ServerRequest))
#13 C:\Users\ASUS\Desktop\Asignaturas\Asignaturas\CUARTO\TDW\apiAnalesCiencia\vendor\slim\slim\Slim\Middleware\BodyParsingMiddleware.php(65): Slim\Routing\RouteRunner->handle(Object(Slim\Http\ServerRequest))
#14 C:\Users\ASUS\Desktop\Asignaturas\Asignaturas\CUARTO\TDW\apiAnalesCiencia\vendor\slim\slim\Slim\MiddlewareDispatcher.php(129): Slim\Middleware\BodyParsingMiddleware->process(Object(Slim\Http\ServerRequest), Object(Slim\Routing\RouteRunner))
#15 C:\Users\ASUS\Desktop\Asignaturas\Asignaturas\CUARTO\TDW\apiAnalesCiencia\src\Middleware\CorsMiddleware.php(35): Psr\Http\Server\RequestHandlerInterface@anonymous->handle(Object(Slim\Http\ServerRequest))
#16 C:\Users\ASUS\Desktop\Asignaturas\Asignaturas\CUARTO\TDW\apiAnalesCiencia\vendor\slim\slim\Slim\MiddlewareDispatcher.php(177): TDW\ACiencia\Middleware\CorsMiddleware->process(Object(Slim\Http\ServerRequest), Object(Psr\Http\Server\RequestHandlerInterface@anonymous))
#17 C:\Users\ASUS\Desktop\Asignaturas\Asignaturas\CUARTO\TDW\apiAnalesCiencia\vendor\slim\slim\Slim\Middleware\RoutingMiddleware.php(45): Psr\Http\Server\RequestHandlerInterface@anonymous->handle(Object(Slim\Http\ServerRequest))
#18 C:\Users\ASUS\Desktop\Asignaturas\Asignaturas\CUARTO\TDW\apiAnalesCiencia\vendor\slim\slim\Slim\MiddlewareDispatcher.php(129): Slim\Middleware\RoutingMiddleware->process(Object(Slim\Http\ServerRequest), Object(Psr\Http\Server\RequestHandlerInterface@anonymous))
#19 C:\Users\ASUS\Desktop\Asignaturas\Asignaturas\CUARTO\TDW\apiAnalesCiencia\vendor\slim\slim\Slim\Middleware\ErrorMiddleware.php(77): Psr\Http\Server\RequestHandlerInterface@anonymous->handle(Object(Slim\Http\ServerRequest))
#20 C:\Users\ASUS\Desktop\Asignaturas\Asignaturas\CUARTO\TDW\apiAnalesCiencia\vendor\slim\slim\Slim\MiddlewareDispatcher.php(129): Slim\Middleware\ErrorMiddleware->process(Object(Slim\Http\ServerRequest), Object(Psr\Http\Server\RequestHandlerInterface@anonymous))
#21 C:\Users\ASUS\Desktop\Asignaturas\Asignaturas\CUARTO\TDW\apiAnalesCiencia\vendor\slim\slim\Slim\MiddlewareDispatcher.php(73): Psr\Http\Server\RequestHandlerInterface@anonymous->handle(Object(Slim\Http\ServerRequest))
#22 C:\Users\ASUS\Desktop\Asignaturas\Asignaturas\CUARTO\TDW\apiAnalesCiencia\vendor\slim\slim\Slim\App.php(209): Slim\MiddlewareDispatcher->handle(Object(Slim\Http\ServerRequest))
#23 C:\Users\ASUS\Desktop\Asignaturas\Asignaturas\CUARTO\TDW\apiAnalesCiencia\vendor\slim\slim\Slim\App.php(193): Slim\App->handle(Object(Slim\Http\ServerRequest))
#24 C:\Users\ASUS\Desktop\Asignaturas\Asignaturas\CUARTO\TDW\apiAnalesCiencia\public\index.php(19): Slim\App->run()
#25 {main} [] []
[2025-04-09T16:32:22.241370+02:00] json_error_renderer.ERROR: 
[1045] An exception occurred in the driver: SQLSTATE[HY000] [1045] Access denied for user 'root'@'localhost' (using password: YES) in C:\Users\ASUS\Desktop\Asignaturas\Asignaturas\CUARTO\TDW\apiAnalesCiencia\vendor\doctrine\dbal\src\Driver\API\MySQL\ExceptionConverter.php on line 80.
Backtrace:
#0 C:\Users\ASUS\Desktop\Asignaturas\Asignaturas\CUARTO\TDW\apiAnalesCiencia\vendor\doctrine\dbal\src\Connection.php(1418): Doctrine\DBAL\Driver\API\MySQL\ExceptionConverter->convert(Object(Doctrine\DBAL\Driver\PDO\Exception), NULL)
#1 C:\Users\ASUS\Desktop\Asignaturas\Asignaturas\CUARTO\TDW\apiAnalesCiencia\vendor\doctrine\dbal\src\Connection.php(1366): Doctrine\DBAL\Connection->handleDriverException(Object(Doctrine\DBAL\Driver\PDO\Exception), NULL)
#2 C:\Users\ASUS\Desktop\Asignaturas\Asignaturas\CUARTO\TDW\apiAnalesCiencia\vendor\doctrine\dbal\src\Connection.php(227): Doctrine\DBAL\Connection->convertException(Object(Doctrine\DBAL\Driver\PDO\Exception))
#3 C:\Users\ASUS\Desktop\Asignaturas\Asignaturas\CUARTO\TDW\apiAnalesCiencia\vendor\doctrine\dbal\src\Connection.php(770): Doctrine\DBAL\Connection->connect()
#4 C:\Users\ASUS\Desktop\Asignaturas\Asignaturas\CUARTO\TDW\apiAnalesCiencia\vendor\doctrine\orm\src\Persisters\Entity\BasicEntityPersister.php(736): Doctrine\DBAL\Connection->executeQuery('SELECT t0.id AS...', Array, Array)
#5 C:\Users\ASUS\Desktop\Asignaturas\Asignaturas\CUARTO\TDW\apiAnalesCiencia\vendor\doctrine\orm\src\EntityRepository.php(125): Doctrine\ORM\Persisters\Entity\BasicEntityPersister->load(Array, NULL, NULL, Array, NULL, 1, NULL)
#6 C:\Users\ASUS\Desktop\Asignaturas\Asignaturas\CUARTO\TDW\apiAnalesCiencia\src\Controller\Login\LoginController.php(51): Doctrine\ORM\EntityRepository->findOneBy(Array)
#7 C:\Users\ASUS\Desktop\Asignaturas\Asignaturas\CUARTO\TDW\apiAnalesCiencia\vendor\slim\slim\Slim\Handlers\Strategies\RequestResponse.php(38): TDW\ACiencia\Controller\Login\LoginController->__invoke(Object(Slim\Http\ServerRequest), Object(Slim\Http\Response), Array)
#8 C:\Users\ASUS\Desktop\Asignaturas\Asignaturas\CUARTO\TDW\apiAnalesCiencia\vendor\slim\slim\Slim\Routing\Route.php(363): Slim\Handlers\Strategies\RequestResponse->__invoke(Array, Object(Slim\Http\ServerRequest), Object(Slim\Http\Response), Array)
#9 C:\Users\ASUS\Desktop\Asignaturas\Asignaturas\CUARTO\TDW\apiAnalesCiencia\vendor\slim\slim\Slim\MiddlewareDispatcher.php(73): Slim\Routing\Route->handle(Object(Slim\Http\ServerRequest))
#10 C:\Users\ASUS\Desktop\Asignaturas\Asignaturas\CUARTO\TDW\apiAnalesCiencia\vendor\slim\slim\Slim\MiddlewareDispatcher.php(73): Slim\MiddlewareDispatcher->handle(Object(Slim\Http\ServerRequest))
#11 C:\Users\ASUS\Desktop\Asignaturas\Asignaturas\CUARTO\TDW\apiAnalesCiencia\vendor\slim\slim\Slim\Routing\Route.php(321): Slim\MiddlewareDispatcher->handle(Object(Slim\Http\ServerRequest))
#12 C:\Users\ASUS\Desktop\Asignaturas\Asignaturas\CUARTO\TDW\apiAnalesCiencia\vendor\slim\slim\Slim\Routing\RouteRunner.php(74): Slim\Routing\Route->run(Object(Slim\Http\ServerRequest))
#13 C:\Users\ASUS\Desktop\Asignaturas\Asignaturas\CUARTO\TDW\apiAnalesCiencia\vendor\slim\slim\Slim\Middleware\BodyParsingMiddleware.php(65): Slim\Routing\RouteRunner->handle(Object(Slim\Http\ServerRequest))
#14 C:\Users\ASUS\Desktop\Asignaturas\Asignaturas\CUARTO\TDW\apiAnalesCiencia\vendor\slim\slim\Slim\MiddlewareDispatcher.php(129): Slim\Middleware\BodyParsingMiddleware->process(Object(Slim\Http\ServerRequest), Object(Slim\Routing\RouteRunner))
#15 C:\Users\ASUS\Desktop\Asignaturas\Asignaturas\CUARTO\TDW\apiAnalesCiencia\src\Middleware\CorsMiddleware.php(35): Psr\Http\Server\RequestHandlerInterface@anonymous->handle(Object(Slim\Http\ServerRequest))
#16 C:\Users\ASUS\Desktop\Asignaturas\Asignaturas\CUARTO\TDW\apiAnalesCiencia\vendor\slim\slim\Slim\MiddlewareDispatcher.php(177): TDW\ACiencia\Middleware\CorsMiddleware->process(Object(Slim\Http\ServerRequest), Object(Psr\Http\Server\RequestHandlerInterface@anonymous))
#17 C:\Users\ASUS\Desktop\Asignaturas\Asignaturas\CUARTO\TDW\apiAnalesCiencia\vendor\slim\slim\Slim\Middleware\RoutingMiddleware.php(45): Psr\Http\Server\RequestHandlerInterface@anonymous->handle(Object(Slim\Http\ServerRequest))
#18 C:\Users\ASUS\Desktop\Asignaturas\Asignaturas\CUARTO\TDW\apiAnalesCiencia\vendor\slim\slim\Slim\MiddlewareDispatcher.php(129): Slim\Middleware\RoutingMiddleware->process(Object(Slim\Http\ServerRequest), Object(Psr\Http\Server\RequestHandlerInterface@anonymous))
#19 C:\Users\ASUS\Desktop\Asignaturas\Asignaturas\CUARTO\TDW\apiAnalesCiencia\vendor\slim\slim\Slim\Middleware\ErrorMiddleware.php(77): Psr\Http\Server\RequestHandlerInterface@anonymous->handle(Object(Slim\Http\ServerRequest))
#20 C:\Users\ASUS\Desktop\Asignaturas\Asignaturas\CUARTO\TDW\apiAnalesCiencia\vendor\slim\slim\Slim\MiddlewareDispatcher.php(129): Slim\Middleware\ErrorMiddleware->process(Object(Slim\Http\ServerRequest), Object(Psr\Http\Server\RequestHandlerInterface@anonymous))
#21 C:\Users\ASUS\Desktop\Asignaturas\Asignaturas\CUARTO\TDW\apiAnalesCiencia\vendor\slim\slim\Slim\MiddlewareDispatcher.php(73): Psr\Http\Server\RequestHandlerInterface@anonymous->handle(Object(Slim\Http\ServerRequest))
#22 C:\Users\ASUS\Desktop\Asignaturas\Asignaturas\CUARTO\TDW\apiAnalesCiencia\vendor\slim\slim\Slim\App.php(209): Slim\MiddlewareDispatcher->handle(Object(Slim\Http\ServerRequest))
#23 C:\Users\ASUS\Desktop\Asignaturas\Asignaturas\CUARTO\TDW\apiAnalesCiencia\vendor\slim\slim\Slim\App.php(193): Slim\App->handle(Object(Slim\Http\ServerRequest))
#24 C:\Users\ASUS\Desktop\Asignaturas\Asignaturas\CUARTO\TDW\apiAnalesCiencia\public\index.php(19): Slim\App->run()
#25 {main} [] []
[2025-04-09T16:32:56.306180+02:00] json_error_renderer.ERROR: 
[1045] An exception occurred in the driver: SQLSTATE[HY000] [1045] Access denied for user 'root'@'localhost' (using password: YES) in C:\Users\ASUS\Desktop\Asignaturas\Asignaturas\CUARTO\TDW\apiAnalesCiencia\vendor\doctrine\dbal\src\Driver\API\MySQL\ExceptionConverter.php on line 80.
Backtrace:
#0 C:\Users\ASUS\Desktop\Asignaturas\Asignaturas\CUARTO\TDW\apiAnalesCiencia\vendor\doctrine\dbal\src\Connection.php(1418): Doctrine\DBAL\Driver\API\MySQL\ExceptionConverter->convert(Object(Doctrine\DBAL\Driver\PDO\Exception), NULL)
#1 C:\Users\ASUS\Desktop\Asignaturas\Asignaturas\CUARTO\TDW\apiAnalesCiencia\vendor\doctrine\dbal\src\Connection.php(1366): Doctrine\DBAL\Connection->handleDriverException(Object(Doctrine\DBAL\Driver\PDO\Exception), NULL)
#2 C:\Users\ASUS\Desktop\Asignaturas\Asignaturas\CUARTO\TDW\apiAnalesCiencia\vendor\doctrine\dbal\src\Connection.php(227): Doctrine\DBAL\Connection->convertException(Object(Doctrine\DBAL\Driver\PDO\Exception))
#3 C:\Users\ASUS\Desktop\Asignaturas\Asignaturas\CUARTO\TDW\apiAnalesCiencia\vendor\doctrine\dbal\src\Connection.php(770): Doctrine\DBAL\Connection->connect()
#4 C:\Users\ASUS\Desktop\Asignaturas\Asignaturas\CUARTO\TDW\apiAnalesCiencia\vendor\doctrine\orm\src\Persisters\Entity\BasicEntityPersister.php(736): Doctrine\DBAL\Connection->executeQuery('SELECT t0.id AS...', Array, Array)
#5 C:\Users\ASUS\Desktop\Asignaturas\Asignaturas\CUARTO\TDW\apiAnalesCiencia\vendor\doctrine\orm\src\EntityRepository.php(125): Doctrine\ORM\Persisters\Entity\BasicEntityPersister->load(Array, NULL, NULL, Array, NULL, 1, NULL)
#6 C:\Users\ASUS\Desktop\Asignaturas\Asignaturas\CUARTO\TDW\apiAnalesCiencia\src\Controller\Login\LoginController.php(51): Doctrine\ORM\EntityRepository->findOneBy(Array)
#7 C:\Users\ASUS\Desktop\Asignaturas\Asignaturas\CUARTO\TDW\apiAnalesCiencia\vendor\slim\slim\Slim\Handlers\Strategies\RequestResponse.php(38): TDW\ACiencia\Controller\Login\LoginController->__invoke(Object(Slim\Http\ServerRequest), Object(Slim\Http\Response), Array)
#8 C:\Users\ASUS\Desktop\Asignaturas\Asignaturas\CUARTO\TDW\apiAnalesCiencia\vendor\slim\slim\Slim\Routing\Route.php(363): Slim\Handlers\Strategies\RequestResponse->__invoke(Array, Object(Slim\Http\ServerRequest), Object(Slim\Http\Response), Array)
#9 C:\Users\ASUS\Desktop\Asignaturas\Asignaturas\CUARTO\TDW\apiAnalesCiencia\vendor\slim\slim\Slim\MiddlewareDispatcher.php(73): Slim\Routing\Route->handle(Object(Slim\Http\ServerRequest))
#10 C:\Users\ASUS\Desktop\Asignaturas\Asignaturas\CUARTO\TDW\apiAnalesCiencia\vendor\slim\slim\Slim\MiddlewareDispatcher.php(73): Slim\MiddlewareDispatcher->handle(Object(Slim\Http\ServerRequest))
#11 C:\Users\ASUS\Desktop\Asignaturas\Asignaturas\CUARTO\TDW\apiAnalesCiencia\vendor\slim\slim\Slim\Routing\Route.php(321): Slim\MiddlewareDispatcher->handle(Object(Slim\Http\ServerRequest))
#12 C:\Users\ASUS\Desktop\Asignaturas\Asignaturas\CUARTO\TDW\apiAnalesCiencia\vendor\slim\slim\Slim\Routing\RouteRunner.php(74): Slim\Routing\Route->run(Object(Slim\Http\ServerRequest))
#13 C:\Users\ASUS\Desktop\Asignaturas\Asignaturas\CUARTO\TDW\apiAnalesCiencia\vendor\slim\slim\Slim\Middleware\BodyParsingMiddleware.php(65): Slim\Routing\RouteRunner->handle(Object(Slim\Http\ServerRequest))
#14 C:\Users\ASUS\Desktop\Asignaturas\Asignaturas\CUARTO\TDW\apiAnalesCiencia\vendor\slim\slim\Slim\MiddlewareDispatcher.php(129): Slim\Middleware\BodyParsingMiddleware->process(Object(Slim\Http\ServerRequest), Object(Slim\Routing\RouteRunner))
#15 C:\Users\ASUS\Desktop\Asignaturas\Asignaturas\CUARTO\TDW\apiAnalesCiencia\src\Middleware\CorsMiddleware.php(35): Psr\Http\Server\RequestHandlerInterface@anonymous->handle(Object(Slim\Http\ServerRequest))
#16 C:\Users\ASUS\Desktop\Asignaturas\Asignaturas\CUARTO\TDW\apiAnalesCiencia\vendor\slim\slim\Slim\MiddlewareDispatcher.php(177): TDW\ACiencia\Middleware\CorsMiddleware->process(Object(Slim\Http\ServerRequest), Object(Psr\Http\Server\RequestHandlerInterface@anonymous))
#17 C:\Users\ASUS\Desktop\Asignaturas\Asignaturas\CUARTO\TDW\apiAnalesCiencia\vendor\slim\slim\Slim\Middleware\RoutingMiddleware.php(45): Psr\Http\Server\RequestHandlerInterface@anonymous->handle(Object(Slim\Http\ServerRequest))
#18 C:\Users\ASUS\Desktop\Asignaturas\Asignaturas\CUARTO\TDW\apiAnalesCiencia\vendor\slim\slim\Slim\MiddlewareDispatcher.php(129): Slim\Middleware\RoutingMiddleware->process(Object(Slim\Http\ServerRequest), Object(Psr\Http\Server\RequestHandlerInterface@anonymous))
#19 C:\Users\ASUS\Desktop\Asignaturas\Asignaturas\CUARTO\TDW\apiAnalesCiencia\vendor\slim\slim\Slim\Middleware\ErrorMiddleware.php(77): Psr\Http\Server\RequestHandlerInterface@anonymous->handle(Object(Slim\Http\ServerRequest))
#20 C:\Users\ASUS\Desktop\Asignaturas\Asignaturas\CUARTO\TDW\apiAnalesCiencia\vendor\slim\slim\Slim\MiddlewareDispatcher.php(129): Slim\Middleware\ErrorMiddleware->process(Object(Slim\Http\ServerRequest), Object(Psr\Http\Server\RequestHandlerInterface@anonymous))
#21 C:\Users\ASUS\Desktop\Asignaturas\Asignaturas\CUARTO\TDW\apiAnalesCiencia\vendor\slim\slim\Slim\MiddlewareDispatcher.php(73): Psr\Http\Server\RequestHandlerInterface@anonymous->handle(Object(Slim\Http\ServerRequest))
#22 C:\Users\ASUS\Desktop\Asignaturas\Asignaturas\CUARTO\TDW\apiAnalesCiencia\vendor\slim\slim\Slim\App.php(209): Slim\MiddlewareDispatcher->handle(Object(Slim\Http\ServerRequest))
#23 C:\Users\ASUS\Desktop\Asignaturas\Asignaturas\CUARTO\TDW\apiAnalesCiencia\vendor\slim\slim\Slim\App.php(193): Slim\App->handle(Object(Slim\Http\ServerRequest))
#24 C:\Users\ASUS\Desktop\Asignaturas\Asignaturas\CUARTO\TDW\apiAnalesCiencia\public\index.php(19): Slim\App->run()
#25 {main} [] []
[2025-04-09T16:35:31.047650+02:00] json_error_renderer.ERROR: 
[1146] An exception occurred while executing a query: SQLSTATE[42S02]: Base table or view not found: 1146 Table 'tdw.users' doesn't exist in C:\Users\ASUS\Desktop\Asignaturas\Asignaturas\CUARTO\TDW\apiAnalesCiencia\vendor\doctrine\dbal\src\Driver\API\MySQL\ExceptionConverter.php on line 40.
Backtrace:
#0 C:\Users\ASUS\Desktop\Asignaturas\Asignaturas\CUARTO\TDW\apiAnalesCiencia\vendor\doctrine\dbal\src\Connection.php(1418): Doctrine\DBAL\Driver\API\MySQL\ExceptionConverter->convert(Object(Doctrine\DBAL\Driver\PDO\Exception), Object(Doctrine\DBAL\Query))
#1 C:\Users\ASUS\Desktop\Asignaturas\Asignaturas\CUARTO\TDW\apiAnalesCiencia\vendor\doctrine\dbal\src\Connection.php(1360): Doctrine\DBAL\Connection->handleDriverException(Object(Doctrine\DBAL\Driver\PDO\Exception), Object(Doctrine\DBAL\Query))
#2 C:\Users\ASUS\Desktop\Asignaturas\Asignaturas\CUARTO\TDW\apiAnalesCiencia\vendor\doctrine\dbal\src\Connection.php(787): Doctrine\DBAL\Connection->convertExceptionDuringQuery(Object(Doctrine\DBAL\Driver\PDO\Exception), 'SELECT t0.id AS...', Array, Array)
#3 C:\Users\ASUS\Desktop\Asignaturas\Asignaturas\CUARTO\TDW\apiAnalesCiencia\vendor\doctrine\orm\src\Persisters\Entity\BasicEntityPersister.php(736): Doctrine\DBAL\Connection->executeQuery('SELECT t0.id AS...', Array, Array)
#4 C:\Users\ASUS\Desktop\Asignaturas\Asignaturas\CUARTO\TDW\apiAnalesCiencia\vendor\doctrine\orm\src\EntityRepository.php(125): Doctrine\ORM\Persisters\Entity\BasicEntityPersister->load(Array, NULL, NULL, Array, NULL, 1, NULL)
#5 C:\Users\ASUS\Desktop\Asignaturas\Asignaturas\CUARTO\TDW\apiAnalesCiencia\src\Controller\Login\LoginController.php(51): Doctrine\ORM\EntityRepository->findOneBy(Array)
#6 C:\Users\ASUS\Desktop\Asignaturas\Asignaturas\CUARTO\TDW\apiAnalesCiencia\vendor\slim\slim\Slim\Handlers\Strategies\RequestResponse.php(38): TDW\ACiencia\Controller\Login\LoginController->__invoke(Object(Slim\Http\ServerRequest), Object(Slim\Http\Response), Array)
#7 C:\Users\ASUS\Desktop\Asignaturas\Asignaturas\CUARTO\TDW\apiAnalesCiencia\vendor\slim\slim\Slim\Routing\Route.php(363): Slim\Handlers\Strategies\RequestResponse->__invoke(Array, Object(Slim\Http\ServerRequest), Object(Slim\Http\Response), Array)
#8 C:\Users\ASUS\Desktop\Asignaturas\Asignaturas\CUARTO\TDW\apiAnalesCiencia\vendor\slim\slim\Slim\MiddlewareDispatcher.php(73): Slim\Routing\Route->handle(Object(Slim\Http\ServerRequest))
#9 C:\Users\ASUS\Desktop\Asignaturas\Asignaturas\CUARTO\TDW\apiAnalesCiencia\vendor\slim\slim\Slim\MiddlewareDispatcher.php(73): Slim\MiddlewareDispatcher->handle(Object(Slim\Http\ServerRequest))
#10 C:\Users\ASUS\Desktop\Asignaturas\Asignaturas\CUARTO\TDW\apiAnalesCiencia\vendor\slim\slim\Slim\Routing\Route.php(321): Slim\MiddlewareDispatcher->handle(Object(Slim\Http\ServerRequest))
#11 C:\Users\ASUS\Desktop\Asignaturas\Asignaturas\CUARTO\TDW\apiAnalesCiencia\vendor\slim\slim\Slim\Routing\RouteRunner.php(74): Slim\Routing\Route->run(Object(Slim\Http\ServerRequest))
#12 C:\Users\ASUS\Desktop\Asignaturas\Asignaturas\CUARTO\TDW\apiAnalesCiencia\vendor\slim\slim\Slim\Middleware\BodyParsingMiddleware.php(65): Slim\Routing\RouteRunner->handle(Object(Slim\Http\ServerRequest))
#13 C:\Users\ASUS\Desktop\Asignaturas\Asignaturas\CUARTO\TDW\apiAnalesCiencia\vendor\slim\slim\Slim\MiddlewareDispatcher.php(129): Slim\Middleware\BodyParsingMiddleware->process(Object(Slim\Http\ServerRequest), Object(Slim\Routing\RouteRunner))
#14 C:\Users\ASUS\Desktop\Asignaturas\Asignaturas\CUARTO\TDW\apiAnalesCiencia\src\Middleware\CorsMiddleware.php(35): Psr\Http\Server\RequestHandlerInterface@anonymous->handle(Object(Slim\Http\ServerRequest))
#15 C:\Users\ASUS\Desktop\Asignaturas\Asignaturas\CUARTO\TDW\apiAnalesCiencia\vendor\slim\slim\Slim\MiddlewareDispatcher.php(177): TDW\ACiencia\Middleware\CorsMiddleware->process(Object(Slim\Http\ServerRequest), Object(Psr\Http\Server\RequestHandlerInterface@anonymous))
#16 C:\Users\ASUS\Desktop\Asignaturas\Asignaturas\CUARTO\TDW\apiAnalesCiencia\vendor\slim\slim\Slim\Middleware\RoutingMiddleware.php(45): Psr\Http\Server\RequestHandlerInterface@anonymous->handle(Object(Slim\Http\ServerRequest))
#17 C:\Users\ASUS\Desktop\Asignaturas\Asignaturas\CUARTO\TDW\apiAnalesCiencia\vendor\slim\slim\Slim\MiddlewareDispatcher.php(129): Slim\Middleware\RoutingMiddleware->process(Object(Slim\Http\ServerRequest), Object(Psr\Http\Server\RequestHandlerInterface@anonymous))
#18 C:\Users\ASUS\Desktop\Asignaturas\Asignaturas\CUARTO\TDW\apiAnalesCiencia\vendor\slim\slim\Slim\Middleware\ErrorMiddleware.php(77): Psr\Http\Server\RequestHandlerInterface@anonymous->handle(Object(Slim\Http\ServerRequest))
#19 C:\Users\ASUS\Desktop\Asignaturas\Asignaturas\CUARTO\TDW\apiAnalesCiencia\vendor\slim\slim\Slim\MiddlewareDispatcher.php(129): Slim\Middleware\ErrorMiddleware->process(Object(Slim\Http\ServerRequest), Object(Psr\Http\Server\RequestHandlerInterface@anonymous))
#20 C:\Users\ASUS\Desktop\Asignaturas\Asignaturas\CUARTO\TDW\apiAnalesCiencia\vendor\slim\slim\Slim\MiddlewareDispatcher.php(73): Psr\Http\Server\RequestHandlerInterface@anonymous->handle(Object(Slim\Http\ServerRequest))
#21 C:\Users\ASUS\Desktop\Asignaturas\Asignaturas\CUARTO\TDW\apiAnalesCiencia\vendor\slim\slim\Slim\App.php(209): Slim\MiddlewareDispatcher->handle(Object(Slim\Http\ServerRequest))
#22 C:\Users\ASUS\Desktop\Asignaturas\Asignaturas\CUARTO\TDW\apiAnalesCiencia\vendor\slim\slim\Slim\App.php(193): Slim\App->handle(Object(Slim\Http\ServerRequest))
#23 C:\Users\ASUS\Desktop\Asignaturas\Asignaturas\CUARTO\TDW\apiAnalesCiencia\public\index.php(19): Slim\App->run()
#24 {main} [] []
[2025-04-09T16:37:40.713366+02:00] json_error_renderer.ERROR: 
[1146] An exception occurred while executing a query: SQLSTATE[42S02]: Base table or view not found: 1146 Table 'tdw.users' doesn't exist in C:\Users\ASUS\Desktop\Asignaturas\Asignaturas\CUARTO\TDW\apiAnalesCiencia\vendor\doctrine\dbal\src\Driver\API\MySQL\ExceptionConverter.php on line 40.
Backtrace:
#0 C:\Users\ASUS\Desktop\Asignaturas\Asignaturas\CUARTO\TDW\apiAnalesCiencia\vendor\doctrine\dbal\src\Connection.php(1418): Doctrine\DBAL\Driver\API\MySQL\ExceptionConverter->convert(Object(Doctrine\DBAL\Driver\PDO\Exception), Object(Doctrine\DBAL\Query))
#1 C:\Users\ASUS\Desktop\Asignaturas\Asignaturas\CUARTO\TDW\apiAnalesCiencia\vendor\doctrine\dbal\src\Connection.php(1360): Doctrine\DBAL\Connection->handleDriverException(Object(Doctrine\DBAL\Driver\PDO\Exception), Object(Doctrine\DBAL\Query))
#2 C:\Users\ASUS\Desktop\Asignaturas\Asignaturas\CUARTO\TDW\apiAnalesCiencia\vendor\doctrine\dbal\src\Connection.php(787): Doctrine\DBAL\Connection->convertExceptionDuringQuery(Object(Doctrine\DBAL\Driver\PDO\Exception), 'SELECT t0.id AS...', Array, Array)
#3 C:\Users\ASUS\Desktop\Asignaturas\Asignaturas\CUARTO\TDW\apiAnalesCiencia\vendor\doctrine\orm\src\Persisters\Entity\BasicEntityPersister.php(736): Doctrine\DBAL\Connection->executeQuery('SELECT t0.id AS...', Array, Array)
#4 C:\Users\ASUS\Desktop\Asignaturas\Asignaturas\CUARTO\TDW\apiAnalesCiencia\vendor\doctrine\orm\src\EntityRepository.php(125): Doctrine\ORM\Persisters\Entity\BasicEntityPersister->load(Array, NULL, NULL, Array, NULL, 1, NULL)
#5 C:\Users\ASUS\Desktop\Asignaturas\Asignaturas\CUARTO\TDW\apiAnalesCiencia\src\Controller\Login\LoginController.php(51): Doctrine\ORM\EntityRepository->findOneBy(Array)
#6 C:\Users\ASUS\Desktop\Asignaturas\Asignaturas\CUARTO\TDW\apiAnalesCiencia\vendor\slim\slim\Slim\Handlers\Strategies\RequestResponse.php(38): TDW\ACiencia\Controller\Login\LoginController->__invoke(Object(Slim\Http\ServerRequest), Object(Slim\Http\Response), Array)
#7 C:\Users\ASUS\Desktop\Asignaturas\Asignaturas\CUARTO\TDW\apiAnalesCiencia\vendor\slim\slim\Slim\Routing\Route.php(363): Slim\Handlers\Strategies\RequestResponse->__invoke(Array, Object(Slim\Http\ServerRequest), Object(Slim\Http\Response), Array)
#8 C:\Users\ASUS\Desktop\Asignaturas\Asignaturas\CUARTO\TDW\apiAnalesCiencia\vendor\slim\slim\Slim\MiddlewareDispatcher.php(73): Slim\Routing\Route->handle(Object(Slim\Http\ServerRequest))
#9 C:\Users\ASUS\Desktop\Asignaturas\Asignaturas\CUARTO\TDW\apiAnalesCiencia\vendor\slim\slim\Slim\MiddlewareDispatcher.php(73): Slim\MiddlewareDispatcher->handle(Object(Slim\Http\ServerRequest))
#10 C:\Users\ASUS\Desktop\Asignaturas\Asignaturas\CUARTO\TDW\apiAnalesCiencia\vendor\slim\slim\Slim\Routing\Route.php(321): Slim\MiddlewareDispatcher->handle(Object(Slim\Http\ServerRequest))
#11 C:\Users\ASUS\Desktop\Asignaturas\Asignaturas\CUARTO\TDW\apiAnalesCiencia\vendor\slim\slim\Slim\Routing\RouteRunner.php(74): Slim\Routing\Route->run(Object(Slim\Http\ServerRequest))
#12 C:\Users\ASUS\Desktop\Asignaturas\Asignaturas\CUARTO\TDW\apiAnalesCiencia\vendor\slim\slim\Slim\Middleware\BodyParsingMiddleware.php(65): Slim\Routing\RouteRunner->handle(Object(Slim\Http\ServerRequest))
#13 C:\Users\ASUS\Desktop\Asignaturas\Asignaturas\CUARTO\TDW\apiAnalesCiencia\vendor\slim\slim\Slim\MiddlewareDispatcher.php(129): Slim\Middleware\BodyParsingMiddleware->process(Object(Slim\Http\ServerRequest), Object(Slim\Routing\RouteRunner))
#14 C:\Users\ASUS\Desktop\Asignaturas\Asignaturas\CUARTO\TDW\apiAnalesCiencia\src\Middleware\CorsMiddleware.php(35): Psr\Http\Server\RequestHandlerInterface@anonymous->handle(Object(Slim\Http\ServerRequest))
#15 C:\Users\ASUS\Desktop\Asignaturas\Asignaturas\CUARTO\TDW\apiAnalesCiencia\vendor\slim\slim\Slim\MiddlewareDispatcher.php(177): TDW\ACiencia\Middleware\CorsMiddleware->process(Object(Slim\Http\ServerRequest), Object(Psr\Http\Server\RequestHandlerInterface@anonymous))
#16 C:\Users\ASUS\Desktop\Asignaturas\Asignaturas\CUARTO\TDW\apiAnalesCiencia\vendor\slim\slim\Slim\Middleware\RoutingMiddleware.php(45): Psr\Http\Server\RequestHandlerInterface@anonymous->handle(Object(Slim\Http\ServerRequest))
#17 C:\Users\ASUS\Desktop\Asignaturas\Asignaturas\CUARTO\TDW\apiAnalesCiencia\vendor\slim\slim\Slim\MiddlewareDispatcher.php(129): Slim\Middleware\RoutingMiddleware->process(Object(Slim\Http\ServerRequest), Object(Psr\Http\Server\RequestHandlerInterface@anonymous))
#18 C:\Users\ASUS\Desktop\Asignaturas\Asignaturas\CUARTO\TDW\apiAnalesCiencia\vendor\slim\slim\Slim\Middleware\ErrorMiddleware.php(77): Psr\Http\Server\RequestHandlerInterface@anonymous->handle(Object(Slim\Http\ServerRequest))
#19 C:\Users\ASUS\Desktop\Asignaturas\Asignaturas\CUARTO\TDW\apiAnalesCiencia\vendor\slim\slim\Slim\MiddlewareDispatcher.php(129): Slim\Middleware\ErrorMiddleware->process(Object(Slim\Http\ServerRequest), Object(Psr\Http\Server\RequestHandlerInterface@anonymous))
#20 C:\Users\ASUS\Desktop\Asignaturas\Asignaturas\CUARTO\TDW\apiAnalesCiencia\vendor\slim\slim\Slim\MiddlewareDispatcher.php(73): Psr\Http\Server\RequestHandlerInterface@anonymous->handle(Object(Slim\Http\ServerRequest))
#21 C:\Users\ASUS\Desktop\Asignaturas\Asignaturas\CUARTO\TDW\apiAnalesCiencia\vendor\slim\slim\Slim\App.php(209): Slim\MiddlewareDispatcher->handle(Object(Slim\Http\ServerRequest))
#22 C:\Users\ASUS\Desktop\Asignaturas\Asignaturas\CUARTO\TDW\apiAnalesCiencia\vendor\slim\slim\Slim\App.php(193): Slim\App->handle(Object(Slim\Http\ServerRequest))
#23 C:\Users\ASUS\Desktop\Asignaturas\Asignaturas\CUARTO\TDW\apiAnalesCiencia\public\index.php(19): Slim\App->run()
#24 {main} [] []
[2025-04-09T16:38:23.306881+02:00] json_error_renderer.ERROR: 
[1146] An exception occurred while executing a query: SQLSTATE[42S02]: Base table or view not found: 1146 Table 'tdw.users' doesn't exist in C:\Users\ASUS\Desktop\Asignaturas\Asignaturas\CUARTO\TDW\apiAnalesCiencia\vendor\doctrine\dbal\src\Driver\API\MySQL\ExceptionConverter.php on line 40.
Backtrace:
#0 C:\Users\ASUS\Desktop\Asignaturas\Asignaturas\CUARTO\TDW\apiAnalesCiencia\vendor\doctrine\dbal\src\Connection.php(1418): Doctrine\DBAL\Driver\API\MySQL\ExceptionConverter->convert(Object(Doctrine\DBAL\Driver\PDO\Exception), Object(Doctrine\DBAL\Query))
#1 C:\Users\ASUS\Desktop\Asignaturas\Asignaturas\CUARTO\TDW\apiAnalesCiencia\vendor\doctrine\dbal\src\Connection.php(1360): Doctrine\DBAL\Connection->handleDriverException(Object(Doctrine\DBAL\Driver\PDO\Exception), Object(Doctrine\DBAL\Query))
#2 C:\Users\ASUS\Desktop\Asignaturas\Asignaturas\CUARTO\TDW\apiAnalesCiencia\vendor\doctrine\dbal\src\Connection.php(787): Doctrine\DBAL\Connection->convertExceptionDuringQuery(Object(Doctrine\DBAL\Driver\PDO\Exception), 'SELECT t0.id AS...', Array, Array)
#3 C:\Users\ASUS\Desktop\Asignaturas\Asignaturas\CUARTO\TDW\apiAnalesCiencia\vendor\doctrine\orm\src\Persisters\Entity\BasicEntityPersister.php(736): Doctrine\DBAL\Connection->executeQuery('SELECT t0.id AS...', Array, Array)
#4 C:\Users\ASUS\Desktop\Asignaturas\Asignaturas\CUARTO\TDW\apiAnalesCiencia\vendor\doctrine\orm\src\EntityRepository.php(125): Doctrine\ORM\Persisters\Entity\BasicEntityPersister->load(Array, NULL, NULL, Array, NULL, 1, NULL)
#5 C:\Users\ASUS\Desktop\Asignaturas\Asignaturas\CUARTO\TDW\apiAnalesCiencia\src\Controller\Login\LoginController.php(51): Doctrine\ORM\EntityRepository->findOneBy(Array)
#6 C:\Users\ASUS\Desktop\Asignaturas\Asignaturas\CUARTO\TDW\apiAnalesCiencia\vendor\slim\slim\Slim\Handlers\Strategies\RequestResponse.php(38): TDW\ACiencia\Controller\Login\LoginController->__invoke(Object(Slim\Http\ServerRequest), Object(Slim\Http\Response), Array)
#7 C:\Users\ASUS\Desktop\Asignaturas\Asignaturas\CUARTO\TDW\apiAnalesCiencia\vendor\slim\slim\Slim\Routing\Route.php(363): Slim\Handlers\Strategies\RequestResponse->__invoke(Array, Object(Slim\Http\ServerRequest), Object(Slim\Http\Response), Array)
#8 C:\Users\ASUS\Desktop\Asignaturas\Asignaturas\CUARTO\TDW\apiAnalesCiencia\vendor\slim\slim\Slim\MiddlewareDispatcher.php(73): Slim\Routing\Route->handle(Object(Slim\Http\ServerRequest))
#9 C:\Users\ASUS\Desktop\Asignaturas\Asignaturas\CUARTO\TDW\apiAnalesCiencia\vendor\slim\slim\Slim\MiddlewareDispatcher.php(73): Slim\MiddlewareDispatcher->handle(Object(Slim\Http\ServerRequest))
#10 C:\Users\ASUS\Desktop\Asignaturas\Asignaturas\CUARTO\TDW\apiAnalesCiencia\vendor\slim\slim\Slim\Routing\Route.php(321): Slim\MiddlewareDispatcher->handle(Object(Slim\Http\ServerRequest))
#11 C:\Users\ASUS\Desktop\Asignaturas\Asignaturas\CUARTO\TDW\apiAnalesCiencia\vendor\slim\slim\Slim\Routing\RouteRunner.php(74): Slim\Routing\Route->run(Object(Slim\Http\ServerRequest))
#12 C:\Users\ASUS\Desktop\Asignaturas\Asignaturas\CUARTO\TDW\apiAnalesCiencia\vendor\slim\slim\Slim\Middleware\BodyParsingMiddleware.php(65): Slim\Routing\RouteRunner->handle(Object(Slim\Http\ServerRequest))
#13 C:\Users\ASUS\Desktop\Asignaturas\Asignaturas\CUARTO\TDW\apiAnalesCiencia\vendor\slim\slim\Slim\MiddlewareDispatcher.php(129): Slim\Middleware\BodyParsingMiddleware->process(Object(Slim\Http\ServerRequest), Object(Slim\Routing\RouteRunner))
#14 C:\Users\ASUS\Desktop\Asignaturas\Asignaturas\CUARTO\TDW\apiAnalesCiencia\src\Middleware\CorsMiddleware.php(35): Psr\Http\Server\RequestHandlerInterface@anonymous->handle(Object(Slim\Http\ServerRequest))
#15 C:\Users\ASUS\Desktop\Asignaturas\Asignaturas\CUARTO\TDW\apiAnalesCiencia\vendor\slim\slim\Slim\MiddlewareDispatcher.php(177): TDW\ACiencia\Middleware\CorsMiddleware->process(Object(Slim\Http\ServerRequest), Object(Psr\Http\Server\RequestHandlerInterface@anonymous))
#16 C:\Users\ASUS\Desktop\Asignaturas\Asignaturas\CUARTO\TDW\apiAnalesCiencia\vendor\slim\slim\Slim\Middleware\RoutingMiddleware.php(45): Psr\Http\Server\RequestHandlerInterface@anonymous->handle(Object(Slim\Http\ServerRequest))
#17 C:\Users\ASUS\Desktop\Asignaturas\Asignaturas\CUARTO\TDW\apiAnalesCiencia\vendor\slim\slim\Slim\MiddlewareDispatcher.php(129): Slim\Middleware\RoutingMiddleware->process(Object(Slim\Http\ServerRequest), Object(Psr\Http\Server\RequestHandlerInterface@anonymous))
#18 C:\Users\ASUS\Desktop\Asignaturas\Asignaturas\CUARTO\TDW\apiAnalesCiencia\vendor\slim\slim\Slim\Middleware\ErrorMiddleware.php(77): Psr\Http\Server\RequestHandlerInterface@anonymous->handle(Object(Slim\Http\ServerRequest))
#19 C:\Users\ASUS\Desktop\Asignaturas\Asignaturas\CUARTO\TDW\apiAnalesCiencia\vendor\slim\slim\Slim\MiddlewareDispatcher.php(129): Slim\Middleware\ErrorMiddleware->process(Object(Slim\Http\ServerRequest), Object(Psr\Http\Server\RequestHandlerInterface@anonymous))
#20 C:\Users\ASUS\Desktop\Asignaturas\Asignaturas\CUARTO\TDW\apiAnalesCiencia\vendor\slim\slim\Slim\MiddlewareDispatcher.php(73): Psr\Http\Server\RequestHandlerInterface@anonymous->handle(Object(Slim\Http\ServerRequest))
#21 C:\Users\ASUS\Desktop\Asignaturas\Asignaturas\CUARTO\TDW\apiAnalesCiencia\vendor\slim\slim\Slim\App.php(209): Slim\MiddlewareDispatcher->handle(Object(Slim\Http\ServerRequest))
#22 C:\Users\ASUS\Desktop\Asignaturas\Asignaturas\CUARTO\TDW\apiAnalesCiencia\vendor\slim\slim\Slim\App.php(193): Slim\App->handle(Object(Slim\Http\ServerRequest))
#23 C:\Users\ASUS\Desktop\Asignaturas\Asignaturas\CUARTO\TDW\apiAnalesCiencia\public\index.php(19): Slim\App->run()
#24 {main} [] []
[2025-04-09T16:39:21.229774+02:00] json_error_renderer.ERROR: 
[1146] An exception occurred while executing a query: SQLSTATE[42S02]: Base table or view not found: 1146 Table 'tdw.users' doesn't exist in C:\Users\ASUS\Desktop\Asignaturas\Asignaturas\CUARTO\TDW\apiAnalesCiencia\vendor\doctrine\dbal\src\Driver\API\MySQL\ExceptionConverter.php on line 40.
Backtrace:
#0 C:\Users\ASUS\Desktop\Asignaturas\Asignaturas\CUARTO\TDW\apiAnalesCiencia\vendor\doctrine\dbal\src\Connection.php(1418): Doctrine\DBAL\Driver\API\MySQL\ExceptionConverter->convert(Object(Doctrine\DBAL\Driver\PDO\Exception), Object(Doctrine\DBAL\Query))
#1 C:\Users\ASUS\Desktop\Asignaturas\Asignaturas\CUARTO\TDW\apiAnalesCiencia\vendor\doctrine\dbal\src\Connection.php(1360): Doctrine\DBAL\Connection->handleDriverException(Object(Doctrine\DBAL\Driver\PDO\Exception), Object(Doctrine\DBAL\Query))
#2 C:\Users\ASUS\Desktop\Asignaturas\Asignaturas\CUARTO\TDW\apiAnalesCiencia\vendor\doctrine\dbal\src\Connection.php(787): Doctrine\DBAL\Connection->convertExceptionDuringQuery(Object(Doctrine\DBAL\Driver\PDO\Exception), 'SELECT t0.id AS...', Array, Array)
#3 C:\Users\ASUS\Desktop\Asignaturas\Asignaturas\CUARTO\TDW\apiAnalesCiencia\vendor\doctrine\orm\src\Persisters\Entity\BasicEntityPersister.php(736): Doctrine\DBAL\Connection->executeQuery('SELECT t0.id AS...', Array, Array)
#4 C:\Users\ASUS\Desktop\Asignaturas\Asignaturas\CUARTO\TDW\apiAnalesCiencia\vendor\doctrine\orm\src\EntityRepository.php(125): Doctrine\ORM\Persisters\Entity\BasicEntityPersister->load(Array, NULL, NULL, Array, NULL, 1, NULL)
#5 C:\Users\ASUS\Desktop\Asignaturas\Asignaturas\CUARTO\TDW\apiAnalesCiencia\src\Controller\Login\LoginController.php(51): Doctrine\ORM\EntityRepository->findOneBy(Array)
#6 C:\Users\ASUS\Desktop\Asignaturas\Asignaturas\CUARTO\TDW\apiAnalesCiencia\vendor\slim\slim\Slim\Handlers\Strategies\RequestResponse.php(38): TDW\ACiencia\Controller\Login\LoginController->__invoke(Object(Slim\Http\ServerRequest), Object(Slim\Http\Response), Array)
#7 C:\Users\ASUS\Desktop\Asignaturas\Asignaturas\CUARTO\TDW\apiAnalesCiencia\vendor\slim\slim\Slim\Routing\Route.php(363): Slim\Handlers\Strategies\RequestResponse->__invoke(Array, Object(Slim\Http\ServerRequest), Object(Slim\Http\Response), Array)
#8 C:\Users\ASUS\Desktop\Asignaturas\Asignaturas\CUARTO\TDW\apiAnalesCiencia\vendor\slim\slim\Slim\MiddlewareDispatcher.php(73): Slim\Routing\Route->handle(Object(Slim\Http\ServerRequest))
#9 C:\Users\ASUS\Desktop\Asignaturas\Asignaturas\CUARTO\TDW\apiAnalesCiencia\vendor\slim\slim\Slim\MiddlewareDispatcher.php(73): Slim\MiddlewareDispatcher->handle(Object(Slim\Http\ServerRequest))
#10 C:\Users\ASUS\Desktop\Asignaturas\Asignaturas\CUARTO\TDW\apiAnalesCiencia\vendor\slim\slim\Slim\Routing\Route.php(321): Slim\MiddlewareDispatcher->handle(Object(Slim\Http\ServerRequest))
#11 C:\Users\ASUS\Desktop\Asignaturas\Asignaturas\CUARTO\TDW\apiAnalesCiencia\vendor\slim\slim\Slim\Routing\RouteRunner.php(74): Slim\Routing\Route->run(Object(Slim\Http\ServerRequest))
#12 C:\Users\ASUS\Desktop\Asignaturas\Asignaturas\CUARTO\TDW\apiAnalesCiencia\vendor\slim\slim\Slim\Middleware\BodyParsingMiddleware.php(65): Slim\Routing\RouteRunner->handle(Object(Slim\Http\ServerRequest))
#13 C:\Users\ASUS\Desktop\Asignaturas\Asignaturas\CUARTO\TDW\apiAnalesCiencia\vendor\slim\slim\Slim\MiddlewareDispatcher.php(129): Slim\Middleware\BodyParsingMiddleware->process(Object(Slim\Http\ServerRequest), Object(Slim\Routing\RouteRunner))
#14 C:\Users\ASUS\Desktop\Asignaturas\Asignaturas\CUARTO\TDW\apiAnalesCiencia\src\Middleware\CorsMiddleware.php(35): Psr\Http\Server\RequestHandlerInterface@anonymous->handle(Object(Slim\Http\ServerRequest))
#15 C:\Users\ASUS\Desktop\Asignaturas\Asignaturas\CUARTO\TDW\apiAnalesCiencia\vendor\slim\slim\Slim\MiddlewareDispatcher.php(177): TDW\ACiencia\Middleware\CorsMiddleware->process(Object(Slim\Http\ServerRequest), Object(Psr\Http\Server\RequestHandlerInterface@anonymous))
#16 C:\Users\ASUS\Desktop\Asignaturas\Asignaturas\CUARTO\TDW\apiAnalesCiencia\vendor\slim\slim\Slim\Middleware\RoutingMiddleware.php(45): Psr\Http\Server\RequestHandlerInterface@anonymous->handle(Object(Slim\Http\ServerRequest))
#17 C:\Users\ASUS\Desktop\Asignaturas\Asignaturas\CUARTO\TDW\apiAnalesCiencia\vendor\slim\slim\Slim\MiddlewareDispatcher.php(129): Slim\Middleware\RoutingMiddleware->process(Object(Slim\Http\ServerRequest), Object(Psr\Http\Server\RequestHandlerInterface@anonymous))
#18 C:\Users\ASUS\Desktop\Asignaturas\Asignaturas\CUARTO\TDW\apiAnalesCiencia\vendor\slim\slim\Slim\Middleware\ErrorMiddleware.php(77): Psr\Http\Server\RequestHandlerInterface@anonymous->handle(Object(Slim\Http\ServerRequest))
#19 C:\Users\ASUS\Desktop\Asignaturas\Asignaturas\CUARTO\TDW\apiAnalesCiencia\vendor\slim\slim\Slim\MiddlewareDispatcher.php(129): Slim\Middleware\ErrorMiddleware->process(Object(Slim\Http\ServerRequest), Object(Psr\Http\Server\RequestHandlerInterface@anonymous))
#20 C:\Users\ASUS\Desktop\Asignaturas\Asignaturas\CUARTO\TDW\apiAnalesCiencia\vendor\slim\slim\Slim\MiddlewareDispatcher.php(73): Psr\Http\Server\RequestHandlerInterface@anonymous->handle(Object(Slim\Http\ServerRequest))
#21 C:\Users\ASUS\Desktop\Asignaturas\Asignaturas\CUARTO\TDW\apiAnalesCiencia\vendor\slim\slim\Slim\App.php(209): Slim\MiddlewareDispatcher->handle(Object(Slim\Http\ServerRequest))
#22 C:\Users\ASUS\Desktop\Asignaturas\Asignaturas\CUARTO\TDW\apiAnalesCiencia\vendor\slim\slim\Slim\App.php(193): Slim\App->handle(Object(Slim\Http\ServerRequest))
#23 C:\Users\ASUS\Desktop\Asignaturas\Asignaturas\CUARTO\TDW\apiAnalesCiencia\public\index.php(19): Slim\App->run()
#24 {main} [] []
[2025-04-09T16:53:49.076790+02:00] json_error_renderer.ERROR: 
[1146] An exception occurred while executing a query: SQLSTATE[42S02]: Base table or view not found: 1146 Table 'tdw.users' doesn't exist in C:\Users\ASUS\Desktop\Asignaturas\Asignaturas\CUARTO\TDW\apiAnalesCiencia\vendor\doctrine\dbal\src\Driver\API\MySQL\ExceptionConverter.php on line 40.
Backtrace:
#0 C:\Users\ASUS\Desktop\Asignaturas\Asignaturas\CUARTO\TDW\apiAnalesCiencia\vendor\doctrine\dbal\src\Connection.php(1418): Doctrine\DBAL\Driver\API\MySQL\ExceptionConverter->convert(Object(Doctrine\DBAL\Driver\PDO\Exception), Object(Doctrine\DBAL\Query))
#1 C:\Users\ASUS\Desktop\Asignaturas\Asignaturas\CUARTO\TDW\apiAnalesCiencia\vendor\doctrine\dbal\src\Connection.php(1360): Doctrine\DBAL\Connection->handleDriverException(Object(Doctrine\DBAL\Driver\PDO\Exception), Object(Doctrine\DBAL\Query))
#2 C:\Users\ASUS\Desktop\Asignaturas\Asignaturas\CUARTO\TDW\apiAnalesCiencia\vendor\doctrine\dbal\src\Connection.php(787): Doctrine\DBAL\Connection->convertExceptionDuringQuery(Object(Doctrine\DBAL\Driver\PDO\Exception), 'SELECT t0.id AS...', Array, Array)
#3 C:\Users\ASUS\Desktop\Asignaturas\Asignaturas\CUARTO\TDW\apiAnalesCiencia\vendor\doctrine\orm\src\Persisters\Entity\BasicEntityPersister.php(736): Doctrine\DBAL\Connection->executeQuery('SELECT t0.id AS...', Array, Array)
#4 C:\Users\ASUS\Desktop\Asignaturas\Asignaturas\CUARTO\TDW\apiAnalesCiencia\vendor\doctrine\orm\src\EntityRepository.php(125): Doctrine\ORM\Persisters\Entity\BasicEntityPersister->load(Array, NULL, NULL, Array, NULL, 1, NULL)
#5 C:\Users\ASUS\Desktop\Asignaturas\Asignaturas\CUARTO\TDW\apiAnalesCiencia\src\Controller\Login\LoginController.php(51): Doctrine\ORM\EntityRepository->findOneBy(Array)
#6 C:\Users\ASUS\Desktop\Asignaturas\Asignaturas\CUARTO\TDW\apiAnalesCiencia\vendor\slim\slim\Slim\Handlers\Strategies\RequestResponse.php(38): TDW\ACiencia\Controller\Login\LoginController->__invoke(Object(Slim\Http\ServerRequest), Object(Slim\Http\Response), Array)
#7 C:\Users\ASUS\Desktop\Asignaturas\Asignaturas\CUARTO\TDW\apiAnalesCiencia\vendor\slim\slim\Slim\Routing\Route.php(363): Slim\Handlers\Strategies\RequestResponse->__invoke(Array, Object(Slim\Http\ServerRequest), Object(Slim\Http\Response), Array)
#8 C:\Users\ASUS\Desktop\Asignaturas\Asignaturas\CUARTO\TDW\apiAnalesCiencia\vendor\slim\slim\Slim\MiddlewareDispatcher.php(73): Slim\Routing\Route->handle(Object(Slim\Http\ServerRequest))
#9 C:\Users\ASUS\Desktop\Asignaturas\Asignaturas\CUARTO\TDW\apiAnalesCiencia\vendor\slim\slim\Slim\MiddlewareDispatcher.php(73): Slim\MiddlewareDispatcher->handle(Object(Slim\Http\ServerRequest))
#10 C:\Users\ASUS\Desktop\Asignaturas\Asignaturas\CUARTO\TDW\apiAnalesCiencia\vendor\slim\slim\Slim\Routing\Route.php(321): Slim\MiddlewareDispatcher->handle(Object(Slim\Http\ServerRequest))
#11 C:\Users\ASUS\Desktop\Asignaturas\Asignaturas\CUARTO\TDW\apiAnalesCiencia\vendor\slim\slim\Slim\Routing\RouteRunner.php(74): Slim\Routing\Route->run(Object(Slim\Http\ServerRequest))
#12 C:\Users\ASUS\Desktop\Asignaturas\Asignaturas\CUARTO\TDW\apiAnalesCiencia\vendor\slim\slim\Slim\Middleware\BodyParsingMiddleware.php(65): Slim\Routing\RouteRunner->handle(Object(Slim\Http\ServerRequest))
#13 C:\Users\ASUS\Desktop\Asignaturas\Asignaturas\CUARTO\TDW\apiAnalesCiencia\vendor\slim\slim\Slim\MiddlewareDispatcher.php(129): Slim\Middleware\BodyParsingMiddleware->process(Object(Slim\Http\ServerRequest), Object(Slim\Routing\RouteRunner))
#14 C:\Users\ASUS\Desktop\Asignaturas\Asignaturas\CUARTO\TDW\apiAnalesCiencia\src\Middleware\CorsMiddleware.php(35): Psr\Http\Server\RequestHandlerInterface@anonymous->handle(Object(Slim\Http\ServerRequest))
#15 C:\Users\ASUS\Desktop\Asignaturas\Asignaturas\CUARTO\TDW\apiAnalesCiencia\vendor\slim\slim\Slim\MiddlewareDispatcher.php(177): TDW\ACiencia\Middleware\CorsMiddleware->process(Object(Slim\Http\ServerRequest), Object(Psr\Http\Server\RequestHandlerInterface@anonymous))
#16 C:\Users\ASUS\Desktop\Asignaturas\Asignaturas\CUARTO\TDW\apiAnalesCiencia\vendor\slim\slim\Slim\Middleware\RoutingMiddleware.php(45): Psr\Http\Server\RequestHandlerInterface@anonymous->handle(Object(Slim\Http\ServerRequest))
#17 C:\Users\ASUS\Desktop\Asignaturas\Asignaturas\CUARTO\TDW\apiAnalesCiencia\vendor\slim\slim\Slim\MiddlewareDispatcher.php(129): Slim\Middleware\RoutingMiddleware->process(Object(Slim\Http\ServerRequest), Object(Psr\Http\Server\RequestHandlerInterface@anonymous))
#18 C:\Users\ASUS\Desktop\Asignaturas\Asignaturas\CUARTO\TDW\apiAnalesCiencia\vendor\slim\slim\Slim\Middleware\ErrorMiddleware.php(77): Psr\Http\Server\RequestHandlerInterface@anonymous->handle(Object(Slim\Http\ServerRequest))
#19 C:\Users\ASUS\Desktop\Asignaturas\Asignaturas\CUARTO\TDW\apiAnalesCiencia\vendor\slim\slim\Slim\MiddlewareDispatcher.php(129): Slim\Middleware\ErrorMiddleware->process(Object(Slim\Http\ServerRequest), Object(Psr\Http\Server\RequestHandlerInterface@anonymous))
#20 C:\Users\ASUS\Desktop\Asignaturas\Asignaturas\CUARTO\TDW\apiAnalesCiencia\vendor\slim\slim\Slim\MiddlewareDispatcher.php(73): Psr\Http\Server\RequestHandlerInterface@anonymous->handle(Object(Slim\Http\ServerRequest))
#21 C:\Users\ASUS\Desktop\Asignaturas\Asignaturas\CUARTO\TDW\apiAnalesCiencia\vendor\slim\slim\Slim\App.php(209): Slim\MiddlewareDispatcher->handle(Object(Slim\Http\ServerRequest))
#22 C:\Users\ASUS\Desktop\Asignaturas\Asignaturas\CUARTO\TDW\apiAnalesCiencia\vendor\slim\slim\Slim\App.php(193): Slim\App->handle(Object(Slim\Http\ServerRequest))
#23 C:\Users\ASUS\Desktop\Asignaturas\Asignaturas\CUARTO\TDW\apiAnalesCiencia\public\index.php(19): Slim\App->run()
#24 {main} [] []
