[2025-04-12T19:06:21.602335+02:00] json_error_renderer.ERROR: 
[0] TDW\ACiencia\Controller\Person\PersonRelationsController::getElementByType(): Argument #1 ($request) must be of type TDW\ACiencia\Controller\Person\ServerRequestInterface, Slim\Http\ServerRequest given, called in C:\Users\ASUS\Desktop\Asignaturas\CUARTO\TDW\apiAnalesCiencia\vendor\slim\slim\Slim\Handlers\Strategies\RequestResponse.php on line 38 in C:\Users\ASUS\Desktop\Asignaturas\CUARTO\TDW\apiAnalesCiencia\src\Controller\Person\PersonRelationsController.php on line 140.
Backtrace:
#0 C:\Users\ASUS\Desktop\Asignaturas\CUARTO\TDW\apiAnalesCiencia\vendor\slim\slim\Slim\Handlers\Strategies\RequestResponse.php(38): TDW\ACiencia\Controller\Person\PersonRelationsController->getElementByType(Object(Slim\Http\ServerRequest), Object(Slim\Http\Response), Array)
#1 C:\Users\ASUS\Desktop\Asignaturas\CUARTO\TDW\apiAnalesCiencia\vendor\slim\slim\Slim\Routing\Route.php(363): Slim\Handlers\Strategies\RequestResponse->__invoke(Array, Object(Slim\Http\ServerRequest), Object(Slim\Http\Response), Array)
#2 C:\Users\ASUS\Desktop\Asignaturas\CUARTO\TDW\apiAnalesCiencia\vendor\slim\slim\Slim\MiddlewareDispatcher.php(73): Slim\Routing\Route->handle(Object(Slim\Http\ServerRequest))
#3 C:\Users\ASUS\Desktop\Asignaturas\CUARTO\TDW\apiAnalesCiencia\vendor\slim\slim\Slim\MiddlewareDispatcher.php(73): Slim\MiddlewareDispatcher->handle(Object(Slim\Http\ServerRequest))
#4 C:\Users\ASUS\Desktop\Asignaturas\CUARTO\TDW\apiAnalesCiencia\vendor\slim\slim\Slim\Routing\Route.php(321): Slim\MiddlewareDispatcher->handle(Object(Slim\Http\ServerRequest))
#5 C:\Users\ASUS\Desktop\Asignaturas\CUARTO\TDW\apiAnalesCiencia\vendor\slim\slim\Slim\Routing\RouteRunner.php(74): Slim\Routing\Route->run(Object(Slim\Http\ServerRequest))
#6 C:\Users\ASUS\Desktop\Asignaturas\CUARTO\TDW\apiAnalesCiencia\vendor\slim\slim\Slim\Middleware\BodyParsingMiddleware.php(65): Slim\Routing\RouteRunner->handle(Object(Slim\Http\ServerRequest))
#7 C:\Users\ASUS\Desktop\Asignaturas\CUARTO\TDW\apiAnalesCiencia\vendor\slim\slim\Slim\MiddlewareDispatcher.php(129): Slim\Middleware\BodyParsingMiddleware->process(Object(Slim\Http\ServerRequest), Object(Slim\Routing\RouteRunner))
#8 C:\Users\ASUS\Desktop\Asignaturas\CUARTO\TDW\apiAnalesCiencia\src\Middleware\CorsMiddleware.php(35): Psr\Http\Server\RequestHandlerInterface@anonymous->handle(Object(Slim\Http\ServerRequest))
#9 C:\Users\ASUS\Desktop\Asignaturas\CUARTO\TDW\apiAnalesCiencia\vendor\slim\slim\Slim\MiddlewareDispatcher.php(177): TDW\ACiencia\Middleware\CorsMiddleware->process(Object(Slim\Http\ServerRequest), Object(Psr\Http\Server\RequestHandlerInterface@anonymous))
#10 C:\Users\ASUS\Desktop\Asignaturas\CUARTO\TDW\apiAnalesCiencia\vendor\slim\slim\Slim\Middleware\RoutingMiddleware.php(45): Psr\Http\Server\RequestHandlerInterface@anonymous->handle(Object(Slim\Http\ServerRequest))
#11 C:\Users\ASUS\Desktop\Asignaturas\CUARTO\TDW\apiAnalesCiencia\vendor\slim\slim\Slim\MiddlewareDispatcher.php(129): Slim\Middleware\RoutingMiddleware->process(Object(Slim\Http\ServerRequest), Object(Psr\Http\Server\RequestHandlerInterface@anonymous))
#12 C:\Users\ASUS\Desktop\Asignaturas\CUARTO\TDW\apiAnalesCiencia\vendor\slim\slim\Slim\Middleware\ErrorMiddleware.php(77): Psr\Http\Server\RequestHandlerInterface@anonymous->handle(Object(Slim\Http\ServerRequest))
#13 C:\Users\ASUS\Desktop\Asignaturas\CUARTO\TDW\apiAnalesCiencia\vendor\slim\slim\Slim\MiddlewareDispatcher.php(129): Slim\Middleware\ErrorMiddleware->process(Object(Slim\Http\ServerRequest), Object(Psr\Http\Server\RequestHandlerInterface@anonymous))
#14 C:\Users\ASUS\Desktop\Asignaturas\CUARTO\TDW\apiAnalesCiencia\vendor\slim\slim\Slim\MiddlewareDispatcher.php(73): Psr\Http\Server\RequestHandlerInterface@anonymous->handle(Object(Slim\Http\ServerRequest))
#15 C:\Users\ASUS\Desktop\Asignaturas\CUARTO\TDW\apiAnalesCiencia\vendor\slim\slim\Slim\App.php(209): Slim\MiddlewareDispatcher->handle(Object(Slim\Http\ServerRequest))
#16 C:\Users\ASUS\Desktop\Asignaturas\CUARTO\TDW\apiAnalesCiencia\vendor\slim\slim\Slim\App.php(193): Slim\App->handle(Object(Slim\Http\ServerRequest))
#17 C:\Users\ASUS\Desktop\Asignaturas\CUARTO\TDW\apiAnalesCiencia\public\index.php(19): Slim\App->run()
#18 {main} [] []
[2025-04-12T19:09:07.971125+02:00] json_error_renderer.ERROR: 
[0] TDW\ACiencia\Controller\Person\PersonRelationsController::getElementByType(): Argument #1 ($request) must be of type TDW\ACiencia\Controller\Person\ServerRequestInterface, Slim\Http\ServerRequest given, called in C:\Users\ASUS\Desktop\Asignaturas\CUARTO\TDW\apiAnalesCiencia\vendor\slim\slim\Slim\Handlers\Strategies\RequestResponse.php on line 38 in C:\Users\ASUS\Desktop\Asignaturas\CUARTO\TDW\apiAnalesCiencia\src\Controller\Person\PersonRelationsController.php on line 140.
Backtrace:
#0 C:\Users\ASUS\Desktop\Asignaturas\CUARTO\TDW\apiAnalesCiencia\vendor\slim\slim\Slim\Handlers\Strategies\RequestResponse.php(38): TDW\ACiencia\Controller\Person\PersonRelationsController->getElementByType(Object(Slim\Http\ServerRequest), Object(Slim\Http\Response), Array)
#1 C:\Users\ASUS\Desktop\Asignaturas\CUARTO\TDW\apiAnalesCiencia\vendor\slim\slim\Slim\Routing\Route.php(363): Slim\Handlers\Strategies\RequestResponse->__invoke(Array, Object(Slim\Http\ServerRequest), Object(Slim\Http\Response), Array)
#2 C:\Users\ASUS\Desktop\Asignaturas\CUARTO\TDW\apiAnalesCiencia\vendor\slim\slim\Slim\MiddlewareDispatcher.php(73): Slim\Routing\Route->handle(Object(Slim\Http\ServerRequest))
#3 C:\Users\ASUS\Desktop\Asignaturas\CUARTO\TDW\apiAnalesCiencia\vendor\slim\slim\Slim\MiddlewareDispatcher.php(73): Slim\MiddlewareDispatcher->handle(Object(Slim\Http\ServerRequest))
#4 C:\Users\ASUS\Desktop\Asignaturas\CUARTO\TDW\apiAnalesCiencia\vendor\slim\slim\Slim\Routing\Route.php(321): Slim\MiddlewareDispatcher->handle(Object(Slim\Http\ServerRequest))
#5 C:\Users\ASUS\Desktop\Asignaturas\CUARTO\TDW\apiAnalesCiencia\vendor\slim\slim\Slim\Routing\RouteRunner.php(74): Slim\Routing\Route->run(Object(Slim\Http\ServerRequest))
#6 C:\Users\ASUS\Desktop\Asignaturas\CUARTO\TDW\apiAnalesCiencia\vendor\slim\slim\Slim\Middleware\BodyParsingMiddleware.php(65): Slim\Routing\RouteRunner->handle(Object(Slim\Http\ServerRequest))
#7 C:\Users\ASUS\Desktop\Asignaturas\CUARTO\TDW\apiAnalesCiencia\vendor\slim\slim\Slim\MiddlewareDispatcher.php(129): Slim\Middleware\BodyParsingMiddleware->process(Object(Slim\Http\ServerRequest), Object(Slim\Routing\RouteRunner))
#8 C:\Users\ASUS\Desktop\Asignaturas\CUARTO\TDW\apiAnalesCiencia\src\Middleware\CorsMiddleware.php(35): Psr\Http\Server\RequestHandlerInterface@anonymous->handle(Object(Slim\Http\ServerRequest))
#9 C:\Users\ASUS\Desktop\Asignaturas\CUARTO\TDW\apiAnalesCiencia\vendor\slim\slim\Slim\MiddlewareDispatcher.php(177): TDW\ACiencia\Middleware\CorsMiddleware->process(Object(Slim\Http\ServerRequest), Object(Psr\Http\Server\RequestHandlerInterface@anonymous))
#10 C:\Users\ASUS\Desktop\Asignaturas\CUARTO\TDW\apiAnalesCiencia\vendor\slim\slim\Slim\Middleware\RoutingMiddleware.php(45): Psr\Http\Server\RequestHandlerInterface@anonymous->handle(Object(Slim\Http\ServerRequest))
#11 C:\Users\ASUS\Desktop\Asignaturas\CUARTO\TDW\apiAnalesCiencia\vendor\slim\slim\Slim\MiddlewareDispatcher.php(129): Slim\Middleware\RoutingMiddleware->process(Object(Slim\Http\ServerRequest), Object(Psr\Http\Server\RequestHandlerInterface@anonymous))
#12 C:\Users\ASUS\Desktop\Asignaturas\CUARTO\TDW\apiAnalesCiencia\vendor\slim\slim\Slim\Middleware\ErrorMiddleware.php(77): Psr\Http\Server\RequestHandlerInterface@anonymous->handle(Object(Slim\Http\ServerRequest))
#13 C:\Users\ASUS\Desktop\Asignaturas\CUARTO\TDW\apiAnalesCiencia\vendor\slim\slim\Slim\MiddlewareDispatcher.php(129): Slim\Middleware\ErrorMiddleware->process(Object(Slim\Http\ServerRequest), Object(Psr\Http\Server\RequestHandlerInterface@anonymous))
#14 C:\Users\ASUS\Desktop\Asignaturas\CUARTO\TDW\apiAnalesCiencia\vendor\slim\slim\Slim\MiddlewareDispatcher.php(73): Psr\Http\Server\RequestHandlerInterface@anonymous->handle(Object(Slim\Http\ServerRequest))
#15 C:\Users\ASUS\Desktop\Asignaturas\CUARTO\TDW\apiAnalesCiencia\vendor\slim\slim\Slim\App.php(209): Slim\MiddlewareDispatcher->handle(Object(Slim\Http\ServerRequest))
#16 C:\Users\ASUS\Desktop\Asignaturas\CUARTO\TDW\apiAnalesCiencia\vendor\slim\slim\Slim\App.php(193): Slim\App->handle(Object(Slim\Http\ServerRequest))
#17 C:\Users\ASUS\Desktop\Asignaturas\CUARTO\TDW\apiAnalesCiencia\public\index.php(19): Slim\App->run()
#18 {main} [] []
[2025-04-12T19:10:35.356207+02:00] json_error_renderer.ERROR: 
[0] TDW\ACiencia\Controller\Person\PersonRelationsController::getElementByType(): Argument #1 ($request) must be of type TDW\ACiencia\Controller\Person\ServerRequestInterface, Slim\Http\ServerRequest given, called in C:\Users\ASUS\Desktop\Asignaturas\CUARTO\TDW\apiAnalesCiencia\vendor\slim\slim\Slim\Handlers\Strategies\RequestResponse.php on line 38 in C:\Users\ASUS\Desktop\Asignaturas\CUARTO\TDW\apiAnalesCiencia\src\Controller\Person\PersonRelationsController.php on line 140.
Backtrace:
#0 C:\Users\ASUS\Desktop\Asignaturas\CUARTO\TDW\apiAnalesCiencia\vendor\slim\slim\Slim\Handlers\Strategies\RequestResponse.php(38): TDW\ACiencia\Controller\Person\PersonRelationsController->getElementByType(Object(Slim\Http\ServerRequest), Object(Slim\Http\Response), Array)
#1 C:\Users\ASUS\Desktop\Asignaturas\CUARTO\TDW\apiAnalesCiencia\vendor\slim\slim\Slim\Routing\Route.php(363): Slim\Handlers\Strategies\RequestResponse->__invoke(Array, Object(Slim\Http\ServerRequest), Object(Slim\Http\Response), Array)
#2 C:\Users\ASUS\Desktop\Asignaturas\CUARTO\TDW\apiAnalesCiencia\vendor\slim\slim\Slim\MiddlewareDispatcher.php(73): Slim\Routing\Route->handle(Object(Slim\Http\ServerRequest))
#3 C:\Users\ASUS\Desktop\Asignaturas\CUARTO\TDW\apiAnalesCiencia\vendor\slim\slim\Slim\MiddlewareDispatcher.php(73): Slim\MiddlewareDispatcher->handle(Object(Slim\Http\ServerRequest))
#4 C:\Users\ASUS\Desktop\Asignaturas\CUARTO\TDW\apiAnalesCiencia\vendor\slim\slim\Slim\Routing\Route.php(321): Slim\MiddlewareDispatcher->handle(Object(Slim\Http\ServerRequest))
#5 C:\Users\ASUS\Desktop\Asignaturas\CUARTO\TDW\apiAnalesCiencia\vendor\slim\slim\Slim\Routing\RouteRunner.php(74): Slim\Routing\Route->run(Object(Slim\Http\ServerRequest))
#6 C:\Users\ASUS\Desktop\Asignaturas\CUARTO\TDW\apiAnalesCiencia\vendor\slim\slim\Slim\Middleware\BodyParsingMiddleware.php(65): Slim\Routing\RouteRunner->handle(Object(Slim\Http\ServerRequest))
#7 C:\Users\ASUS\Desktop\Asignaturas\CUARTO\TDW\apiAnalesCiencia\vendor\slim\slim\Slim\MiddlewareDispatcher.php(129): Slim\Middleware\BodyParsingMiddleware->process(Object(Slim\Http\ServerRequest), Object(Slim\Routing\RouteRunner))
#8 C:\Users\ASUS\Desktop\Asignaturas\CUARTO\TDW\apiAnalesCiencia\src\Middleware\CorsMiddleware.php(35): Psr\Http\Server\RequestHandlerInterface@anonymous->handle(Object(Slim\Http\ServerRequest))
#9 C:\Users\ASUS\Desktop\Asignaturas\CUARTO\TDW\apiAnalesCiencia\vendor\slim\slim\Slim\MiddlewareDispatcher.php(177): TDW\ACiencia\Middleware\CorsMiddleware->process(Object(Slim\Http\ServerRequest), Object(Psr\Http\Server\RequestHandlerInterface@anonymous))
#10 C:\Users\ASUS\Desktop\Asignaturas\CUARTO\TDW\apiAnalesCiencia\vendor\slim\slim\Slim\Middleware\RoutingMiddleware.php(45): Psr\Http\Server\RequestHandlerInterface@anonymous->handle(Object(Slim\Http\ServerRequest))
#11 C:\Users\ASUS\Desktop\Asignaturas\CUARTO\TDW\apiAnalesCiencia\vendor\slim\slim\Slim\MiddlewareDispatcher.php(129): Slim\Middleware\RoutingMiddleware->process(Object(Slim\Http\ServerRequest), Object(Psr\Http\Server\RequestHandlerInterface@anonymous))
#12 C:\Users\ASUS\Desktop\Asignaturas\CUARTO\TDW\apiAnalesCiencia\vendor\slim\slim\Slim\Middleware\ErrorMiddleware.php(77): Psr\Http\Server\RequestHandlerInterface@anonymous->handle(Object(Slim\Http\ServerRequest))
#13 C:\Users\ASUS\Desktop\Asignaturas\CUARTO\TDW\apiAnalesCiencia\vendor\slim\slim\Slim\MiddlewareDispatcher.php(129): Slim\Middleware\ErrorMiddleware->process(Object(Slim\Http\ServerRequest), Object(Psr\Http\Server\RequestHandlerInterface@anonymous))
#14 C:\Users\ASUS\Desktop\Asignaturas\CUARTO\TDW\apiAnalesCiencia\vendor\slim\slim\Slim\MiddlewareDispatcher.php(73): Psr\Http\Server\RequestHandlerInterface@anonymous->handle(Object(Slim\Http\ServerRequest))
#15 C:\Users\ASUS\Desktop\Asignaturas\CUARTO\TDW\apiAnalesCiencia\vendor\slim\slim\Slim\App.php(209): Slim\MiddlewareDispatcher->handle(Object(Slim\Http\ServerRequest))
#16 C:\Users\ASUS\Desktop\Asignaturas\CUARTO\TDW\apiAnalesCiencia\vendor\slim\slim\Slim\App.php(193): Slim\App->handle(Object(Slim\Http\ServerRequest))
#17 C:\Users\ASUS\Desktop\Asignaturas\CUARTO\TDW\apiAnalesCiencia\public\index.php(19): Slim\App->run()
#18 {main} [] []
[2025-04-12T19:30:08.136257+02:00] json_error_renderer.ERROR: 
[404] Not found. in C:\Users\ASUS\Desktop\Asignaturas\CUARTO\TDW\apiAnalesCiencia\vendor\slim\slim\Slim\Middleware\RoutingMiddleware.php on line 76.
Backtrace:
#0 C:\Users\ASUS\Desktop\Asignaturas\CUARTO\TDW\apiAnalesCiencia\vendor\slim\slim\Slim\Middleware\RoutingMiddleware.php(44): Slim\Middleware\RoutingMiddleware->performRouting(Object(Slim\Http\ServerRequest))
#1 C:\Users\ASUS\Desktop\Asignaturas\CUARTO\TDW\apiAnalesCiencia\vendor\slim\slim\Slim\MiddlewareDispatcher.php(129): Slim\Middleware\RoutingMiddleware->process(Object(Slim\Http\ServerRequest), Object(Psr\Http\Server\RequestHandlerInterface@anonymous))
#2 C:\Users\ASUS\Desktop\Asignaturas\CUARTO\TDW\apiAnalesCiencia\vendor\slim\slim\Slim\Middleware\ErrorMiddleware.php(77): Psr\Http\Server\RequestHandlerInterface@anonymous->handle(Object(Slim\Http\ServerRequest))
#3 C:\Users\ASUS\Desktop\Asignaturas\CUARTO\TDW\apiAnalesCiencia\vendor\slim\slim\Slim\MiddlewareDispatcher.php(129): Slim\Middleware\ErrorMiddleware->process(Object(Slim\Http\ServerRequest), Object(Psr\Http\Server\RequestHandlerInterface@anonymous))
#4 C:\Users\ASUS\Desktop\Asignaturas\CUARTO\TDW\apiAnalesCiencia\vendor\slim\slim\Slim\MiddlewareDispatcher.php(73): Psr\Http\Server\RequestHandlerInterface@anonymous->handle(Object(Slim\Http\ServerRequest))
#5 C:\Users\ASUS\Desktop\Asignaturas\CUARTO\TDW\apiAnalesCiencia\vendor\slim\slim\Slim\App.php(209): Slim\MiddlewareDispatcher->handle(Object(Slim\Http\ServerRequest))
#6 C:\Users\ASUS\Desktop\Asignaturas\CUARTO\TDW\apiAnalesCiencia\vendor\slim\slim\Slim\App.php(193): Slim\App->handle(Object(Slim\Http\ServerRequest))
#7 C:\Users\ASUS\Desktop\Asignaturas\CUARTO\TDW\apiAnalesCiencia\public\index.php(19): Slim\App->run()
#8 {main} [] []
[2025-04-12T19:30:32.246883+02:00] json_error_renderer.ERROR: 
[404] Not found. in C:\Users\ASUS\Desktop\Asignaturas\CUARTO\TDW\apiAnalesCiencia\vendor\slim\slim\Slim\Middleware\RoutingMiddleware.php on line 76.
Backtrace:
#0 C:\Users\ASUS\Desktop\Asignaturas\CUARTO\TDW\apiAnalesCiencia\vendor\slim\slim\Slim\Middleware\RoutingMiddleware.php(44): Slim\Middleware\RoutingMiddleware->performRouting(Object(Slim\Http\ServerRequest))
#1 C:\Users\ASUS\Desktop\Asignaturas\CUARTO\TDW\apiAnalesCiencia\vendor\slim\slim\Slim\MiddlewareDispatcher.php(129): Slim\Middleware\RoutingMiddleware->process(Object(Slim\Http\ServerRequest), Object(Psr\Http\Server\RequestHandlerInterface@anonymous))
#2 C:\Users\ASUS\Desktop\Asignaturas\CUARTO\TDW\apiAnalesCiencia\vendor\slim\slim\Slim\Middleware\ErrorMiddleware.php(77): Psr\Http\Server\RequestHandlerInterface@anonymous->handle(Object(Slim\Http\ServerRequest))
#3 C:\Users\ASUS\Desktop\Asignaturas\CUARTO\TDW\apiAnalesCiencia\vendor\slim\slim\Slim\MiddlewareDispatcher.php(129): Slim\Middleware\ErrorMiddleware->process(Object(Slim\Http\ServerRequest), Object(Psr\Http\Server\RequestHandlerInterface@anonymous))
#4 C:\Users\ASUS\Desktop\Asignaturas\CUARTO\TDW\apiAnalesCiencia\vendor\slim\slim\Slim\MiddlewareDispatcher.php(73): Psr\Http\Server\RequestHandlerInterface@anonymous->handle(Object(Slim\Http\ServerRequest))
#5 C:\Users\ASUS\Desktop\Asignaturas\CUARTO\TDW\apiAnalesCiencia\vendor\slim\slim\Slim\App.php(209): Slim\MiddlewareDispatcher->handle(Object(Slim\Http\ServerRequest))
#6 C:\Users\ASUS\Desktop\Asignaturas\CUARTO\TDW\apiAnalesCiencia\vendor\slim\slim\Slim\App.php(193): Slim\App->handle(Object(Slim\Http\ServerRequest))
#7 C:\Users\ASUS\Desktop\Asignaturas\CUARTO\TDW\apiAnalesCiencia\public\index.php(19): Slim\App->run()
#8 {main} [] []
[2025-04-12T19:36:21.339275+02:00] json_error_renderer.ERROR: 
[404] Not found. in C:\Users\ASUS\Desktop\Asignaturas\CUARTO\TDW\apiAnalesCiencia\vendor\slim\slim\Slim\Middleware\RoutingMiddleware.php on line 76.
Backtrace:
#0 C:\Users\ASUS\Desktop\Asignaturas\CUARTO\TDW\apiAnalesCiencia\vendor\slim\slim\Slim\Middleware\RoutingMiddleware.php(44): Slim\Middleware\RoutingMiddleware->performRouting(Object(Slim\Http\ServerRequest))
#1 C:\Users\ASUS\Desktop\Asignaturas\CUARTO\TDW\apiAnalesCiencia\vendor\slim\slim\Slim\MiddlewareDispatcher.php(129): Slim\Middleware\RoutingMiddleware->process(Object(Slim\Http\ServerRequest), Object(Psr\Http\Server\RequestHandlerInterface@anonymous))
#2 C:\Users\ASUS\Desktop\Asignaturas\CUARTO\TDW\apiAnalesCiencia\vendor\slim\slim\Slim\Middleware\ErrorMiddleware.php(77): Psr\Http\Server\RequestHandlerInterface@anonymous->handle(Object(Slim\Http\ServerRequest))
#3 C:\Users\ASUS\Desktop\Asignaturas\CUARTO\TDW\apiAnalesCiencia\vendor\slim\slim\Slim\MiddlewareDispatcher.php(129): Slim\Middleware\ErrorMiddleware->process(Object(Slim\Http\ServerRequest), Object(Psr\Http\Server\RequestHandlerInterface@anonymous))
#4 C:\Users\ASUS\Desktop\Asignaturas\CUARTO\TDW\apiAnalesCiencia\vendor\slim\slim\Slim\MiddlewareDispatcher.php(73): Psr\Http\Server\RequestHandlerInterface@anonymous->handle(Object(Slim\Http\ServerRequest))
#5 C:\Users\ASUS\Desktop\Asignaturas\CUARTO\TDW\apiAnalesCiencia\vendor\slim\slim\Slim\App.php(209): Slim\MiddlewareDispatcher->handle(Object(Slim\Http\ServerRequest))
#6 C:\Users\ASUS\Desktop\Asignaturas\CUARTO\TDW\apiAnalesCiencia\vendor\slim\slim\Slim\App.php(193): Slim\App->handle(Object(Slim\Http\ServerRequest))
#7 C:\Users\ASUS\Desktop\Asignaturas\CUARTO\TDW\apiAnalesCiencia\public\index.php(19): Slim\App->run()
#8 {main} [] []
