[2025-04-25T11:34:57.471649+02:00] json_error_renderer.ERROR: 
[1146] An exception occurred while executing a query: SQLSTATE[42S02]: Base table or view not found: 1146 Table 'tdw_24_25.persons' doesn't exist in /var/www/html/backend/vendor/doctrine/dbal/src/Driver/API/MySQL/ExceptionConverter.php on line 40.
Backtrace:
#0 /var/www/html/backend/vendor/doctrine/dbal/src/Connection.php(1418): Doctrine\DBAL\Driver\API\MySQL\ExceptionConverter->convert(Object(Doctrine\DBAL\Driver\PDO\Exception), Object(Doctrine\DBAL\Query))
#1 /var/www/html/backend/vendor/doctrine/dbal/src/Connection.php(1360): Doctrine\DBAL\Connection->handleDriverException(Object(Doctrine\DBAL\Driver\PDO\Exception), Object(Doctrine\DBAL\Query))
#2 /var/www/html/backend/vendor/doctrine/dbal/src/Connection.php(787): Doctrine\DBAL\Connection->convertExceptionDuringQuery(Object(Doctrine\DBAL\Driver\PDO\Exception), 'SELECT t0.id AS...', Array, Array)
#3 /var/www/html/backend/vendor/doctrine/orm/src/Persisters/Entity/BasicEntityPersister.php(886): Doctrine\DBAL\Connection->executeQuery('SELECT t0.id AS...', Array, Array)
#4 /var/www/html/backend/vendor/doctrine/orm/src/LazyCriteriaCollection.php(93): Doctrine\ORM\Persisters\Entity\BasicEntityPersister->loadCriteria(Object(Doctrine\Common\Collections\Criteria))
#5 /var/www/html/backend/vendor/doctrine/collections/src/AbstractLazyCollection.php(400): Doctrine\ORM\LazyCriteriaCollection->doInitialize()
#6 /var/www/html/backend/vendor/doctrine/collections/src/AbstractLazyCollection.php(138): Doctrine\Common\Collections\AbstractLazyCollection->initialize()
#7 /var/www/html/backend/src/Controller/Element/ElementBaseQueryController.php(61): Doctrine\Common\Collections\AbstractLazyCollection->getValues()
#8 /var/www/html/backend/vendor/slim/slim/Slim/Handlers/Strategies/RequestResponse.php(38): TDW\ACiencia\Controller\Element\ElementBaseQueryController->cget(Object(Slim\Http\ServerRequest), Object(Slim\Http\Response), Array)
#9 /var/www/html/backend/vendor/slim/slim/Slim/Routing/Route.php(363): Slim\Handlers\Strategies\RequestResponse->__invoke(Array, Object(Slim\Http\ServerRequest), Object(Slim\Http\Response), Array)
#10 /var/www/html/backend/vendor/slim/slim/Slim/MiddlewareDispatcher.php(73): Slim\Routing\Route->handle(Object(Slim\Http\ServerRequest))
#11 /var/www/html/backend/vendor/slim/slim/Slim/MiddlewareDispatcher.php(73): Slim\MiddlewareDispatcher->handle(Object(Slim\Http\ServerRequest))
#12 /var/www/html/backend/vendor/slim/slim/Slim/Routing/Route.php(321): Slim\MiddlewareDispatcher->handle(Object(Slim\Http\ServerRequest))
#13 /var/www/html/backend/vendor/slim/slim/Slim/Routing/RouteRunner.php(74): Slim\Routing\Route->run(Object(Slim\Http\ServerRequest))
#14 /var/www/html/backend/vendor/slim/slim/Slim/Middleware/BodyParsingMiddleware.php(65): Slim\Routing\RouteRunner->handle(Object(Slim\Http\ServerRequest))
#15 /var/www/html/backend/vendor/slim/slim/Slim/MiddlewareDispatcher.php(129): Slim\Middleware\BodyParsingMiddleware->process(Object(Slim\Http\ServerRequest), Object(Slim\Routing\RouteRunner))
#16 /var/www/html/backend/src/Middleware/CorsMiddleware.php(35): Psr\Http\Server\RequestHandlerInterface@anonymous->handle(Object(Slim\Http\ServerRequest))
#17 /var/www/html/backend/vendor/slim/slim/Slim/MiddlewareDispatcher.php(177): TDW\ACiencia\Middleware\CorsMiddleware->process(Object(Slim\Http\ServerRequest), Object(Psr\Http\Server\RequestHandlerInterface@anonymous))
#18 /var/www/html/backend/vendor/slim/slim/Slim/Middleware/RoutingMiddleware.php(45): Psr\Http\Server\RequestHandlerInterface@anonymous->handle(Object(Slim\Http\ServerRequest))
#19 /var/www/html/backend/vendor/slim/slim/Slim/MiddlewareDispatcher.php(129): Slim\Middleware\RoutingMiddleware->process(Object(Slim\Http\ServerRequest), Object(Psr\Http\Server\RequestHandlerInterface@anonymous))
#20 /var/www/html/backend/vendor/slim/slim/Slim/Middleware/ErrorMiddleware.php(77): Psr\Http\Server\RequestHandlerInterface@anonymous->handle(Object(Slim\Http\ServerRequest))
#21 /var/www/html/backend/vendor/slim/slim/Slim/MiddlewareDispatcher.php(129): Slim\Middleware\ErrorMiddleware->process(Object(Slim\Http\ServerRequest), Object(Psr\Http\Server\RequestHandlerInterface@anonymous))
#22 /var/www/html/backend/vendor/slim/slim/Slim/MiddlewareDispatcher.php(73): Psr\Http\Server\RequestHandlerInterface@anonymous->handle(Object(Slim\Http\ServerRequest))
#23 /var/www/html/backend/vendor/slim/slim/Slim/App.php(209): Slim\MiddlewareDispatcher->handle(Object(Slim\Http\ServerRequest))
#24 /var/www/html/backend/vendor/slim/slim/Slim/App.php(193): Slim\App->handle(Object(Slim\Http\ServerRequest))
#25 /var/www/html/backend/public/index.php(19): Slim\App->run()
#26 {main} [] []
[2025-04-25T11:35:05.730852+02:00] json_error_renderer.ERROR: 
[1146] An exception occurred while executing a query: SQLSTATE[42S02]: Base table or view not found: 1146 Table 'tdw_24_25.entities' doesn't exist in /var/www/html/backend/vendor/doctrine/dbal/src/Driver/API/MySQL/ExceptionConverter.php on line 40.
Backtrace:
#0 /var/www/html/backend/vendor/doctrine/dbal/src/Connection.php(1418): Doctrine\DBAL\Driver\API\MySQL\ExceptionConverter->convert(Object(Doctrine\DBAL\Driver\PDO\Exception), Object(Doctrine\DBAL\Query))
#1 /var/www/html/backend/vendor/doctrine/dbal/src/Connection.php(1360): Doctrine\DBAL\Connection->handleDriverException(Object(Doctrine\DBAL\Driver\PDO\Exception), Object(Doctrine\DBAL\Query))
#2 /var/www/html/backend/vendor/doctrine/dbal/src/Connection.php(787): Doctrine\DBAL\Connection->convertExceptionDuringQuery(Object(Doctrine\DBAL\Driver\PDO\Exception), 'SELECT t0.id AS...', Array, Array)
#3 /var/www/html/backend/vendor/doctrine/orm/src/Persisters/Entity/BasicEntityPersister.php(886): Doctrine\DBAL\Connection->executeQuery('SELECT t0.id AS...', Array, Array)
#4 /var/www/html/backend/vendor/doctrine/orm/src/LazyCriteriaCollection.php(93): Doctrine\ORM\Persisters\Entity\BasicEntityPersister->loadCriteria(Object(Doctrine\Common\Collections\Criteria))
#5 /var/www/html/backend/vendor/doctrine/collections/src/AbstractLazyCollection.php(400): Doctrine\ORM\LazyCriteriaCollection->doInitialize()
#6 /var/www/html/backend/vendor/doctrine/collections/src/AbstractLazyCollection.php(138): Doctrine\Common\Collections\AbstractLazyCollection->initialize()
#7 /var/www/html/backend/src/Controller/Element/ElementBaseQueryController.php(61): Doctrine\Common\Collections\AbstractLazyCollection->getValues()
#8 /var/www/html/backend/vendor/slim/slim/Slim/Handlers/Strategies/RequestResponse.php(38): TDW\ACiencia\Controller\Element\ElementBaseQueryController->cget(Object(Slim\Http\ServerRequest), Object(Slim\Http\Response), Array)
#9 /var/www/html/backend/vendor/slim/slim/Slim/Routing/Route.php(363): Slim\Handlers\Strategies\RequestResponse->__invoke(Array, Object(Slim\Http\ServerRequest), Object(Slim\Http\Response), Array)
#10 /var/www/html/backend/vendor/slim/slim/Slim/MiddlewareDispatcher.php(73): Slim\Routing\Route->handle(Object(Slim\Http\ServerRequest))
#11 /var/www/html/backend/vendor/slim/slim/Slim/MiddlewareDispatcher.php(73): Slim\MiddlewareDispatcher->handle(Object(Slim\Http\ServerRequest))
#12 /var/www/html/backend/vendor/slim/slim/Slim/Routing/Route.php(321): Slim\MiddlewareDispatcher->handle(Object(Slim\Http\ServerRequest))
#13 /var/www/html/backend/vendor/slim/slim/Slim/Routing/RouteRunner.php(74): Slim\Routing\Route->run(Object(Slim\Http\ServerRequest))
#14 /var/www/html/backend/vendor/slim/slim/Slim/Middleware/BodyParsingMiddleware.php(65): Slim\Routing\RouteRunner->handle(Object(Slim\Http\ServerRequest))
#15 /var/www/html/backend/vendor/slim/slim/Slim/MiddlewareDispatcher.php(129): Slim\Middleware\BodyParsingMiddleware->process(Object(Slim\Http\ServerRequest), Object(Slim\Routing\RouteRunner))
#16 /var/www/html/backend/src/Middleware/CorsMiddleware.php(35): Psr\Http\Server\RequestHandlerInterface@anonymous->handle(Object(Slim\Http\ServerRequest))
#17 /var/www/html/backend/vendor/slim/slim/Slim/MiddlewareDispatcher.php(177): TDW\ACiencia\Middleware\CorsMiddleware->process(Object(Slim\Http\ServerRequest), Object(Psr\Http\Server\RequestHandlerInterface@anonymous))
#18 /var/www/html/backend/vendor/slim/slim/Slim/Middleware/RoutingMiddleware.php(45): Psr\Http\Server\RequestHandlerInterface@anonymous->handle(Object(Slim\Http\ServerRequest))
#19 /var/www/html/backend/vendor/slim/slim/Slim/MiddlewareDispatcher.php(129): Slim\Middleware\RoutingMiddleware->process(Object(Slim\Http\ServerRequest), Object(Psr\Http\Server\RequestHandlerInterface@anonymous))
#20 /var/www/html/backend/vendor/slim/slim/Slim/Middleware/ErrorMiddleware.php(77): Psr\Http\Server\RequestHandlerInterface@anonymous->handle(Object(Slim\Http\ServerRequest))
#21 /var/www/html/backend/vendor/slim/slim/Slim/MiddlewareDispatcher.php(129): Slim\Middleware\ErrorMiddleware->process(Object(Slim\Http\ServerRequest), Object(Psr\Http\Server\RequestHandlerInterface@anonymous))
#22 /var/www/html/backend/vendor/slim/slim/Slim/MiddlewareDispatcher.php(73): Psr\Http\Server\RequestHandlerInterface@anonymous->handle(Object(Slim\Http\ServerRequest))
#23 /var/www/html/backend/vendor/slim/slim/Slim/App.php(209): Slim\MiddlewareDispatcher->handle(Object(Slim\Http\ServerRequest))
#24 /var/www/html/backend/vendor/slim/slim/Slim/App.php(193): Slim\App->handle(Object(Slim\Http\ServerRequest))
#25 /var/www/html/backend/public/index.php(19): Slim\App->run()
#26 {main} [] []
[2025-04-25T11:35:12.887864+02:00] json_error_renderer.ERROR: 
[1146] An exception occurred while executing a query: SQLSTATE[42S02]: Base table or view not found: 1146 Table 'tdw_24_25.products' doesn't exist in /var/www/html/backend/vendor/doctrine/dbal/src/Driver/API/MySQL/ExceptionConverter.php on line 40.
Backtrace:
#0 /var/www/html/backend/vendor/doctrine/dbal/src/Connection.php(1418): Doctrine\DBAL\Driver\API\MySQL\ExceptionConverter->convert(Object(Doctrine\DBAL\Driver\PDO\Exception), Object(Doctrine\DBAL\Query))
#1 /var/www/html/backend/vendor/doctrine/dbal/src/Connection.php(1360): Doctrine\DBAL\Connection->handleDriverException(Object(Doctrine\DBAL\Driver\PDO\Exception), Object(Doctrine\DBAL\Query))
#2 /var/www/html/backend/vendor/doctrine/dbal/src/Connection.php(787): Doctrine\DBAL\Connection->convertExceptionDuringQuery(Object(Doctrine\DBAL\Driver\PDO\Exception), 'SELECT t0.id AS...', Array, Array)
#3 /var/www/html/backend/vendor/doctrine/orm/src/Persisters/Entity/BasicEntityPersister.php(886): Doctrine\DBAL\Connection->executeQuery('SELECT t0.id AS...', Array, Array)
#4 /var/www/html/backend/vendor/doctrine/orm/src/LazyCriteriaCollection.php(93): Doctrine\ORM\Persisters\Entity\BasicEntityPersister->loadCriteria(Object(Doctrine\Common\Collections\Criteria))
#5 /var/www/html/backend/vendor/doctrine/collections/src/AbstractLazyCollection.php(400): Doctrine\ORM\LazyCriteriaCollection->doInitialize()
#6 /var/www/html/backend/vendor/doctrine/collections/src/AbstractLazyCollection.php(138): Doctrine\Common\Collections\AbstractLazyCollection->initialize()
#7 /var/www/html/backend/src/Controller/Element/ElementBaseQueryController.php(61): Doctrine\Common\Collections\AbstractLazyCollection->getValues()
#8 /var/www/html/backend/vendor/slim/slim/Slim/Handlers/Strategies/RequestResponse.php(38): TDW\ACiencia\Controller\Element\ElementBaseQueryController->cget(Object(Slim\Http\ServerRequest), Object(Slim\Http\Response), Array)
#9 /var/www/html/backend/vendor/slim/slim/Slim/Routing/Route.php(363): Slim\Handlers\Strategies\RequestResponse->__invoke(Array, Object(Slim\Http\ServerRequest), Object(Slim\Http\Response), Array)
#10 /var/www/html/backend/vendor/slim/slim/Slim/MiddlewareDispatcher.php(73): Slim\Routing\Route->handle(Object(Slim\Http\ServerRequest))
#11 /var/www/html/backend/vendor/slim/slim/Slim/MiddlewareDispatcher.php(73): Slim\MiddlewareDispatcher->handle(Object(Slim\Http\ServerRequest))
#12 /var/www/html/backend/vendor/slim/slim/Slim/Routing/Route.php(321): Slim\MiddlewareDispatcher->handle(Object(Slim\Http\ServerRequest))
#13 /var/www/html/backend/vendor/slim/slim/Slim/Routing/RouteRunner.php(74): Slim\Routing\Route->run(Object(Slim\Http\ServerRequest))
#14 /var/www/html/backend/vendor/slim/slim/Slim/Middleware/BodyParsingMiddleware.php(65): Slim\Routing\RouteRunner->handle(Object(Slim\Http\ServerRequest))
#15 /var/www/html/backend/vendor/slim/slim/Slim/MiddlewareDispatcher.php(129): Slim\Middleware\BodyParsingMiddleware->process(Object(Slim\Http\ServerRequest), Object(Slim\Routing\RouteRunner))
#16 /var/www/html/backend/src/Middleware/CorsMiddleware.php(35): Psr\Http\Server\RequestHandlerInterface@anonymous->handle(Object(Slim\Http\ServerRequest))
#17 /var/www/html/backend/vendor/slim/slim/Slim/MiddlewareDispatcher.php(177): TDW\ACiencia\Middleware\CorsMiddleware->process(Object(Slim\Http\ServerRequest), Object(Psr\Http\Server\RequestHandlerInterface@anonymous))
#18 /var/www/html/backend/vendor/slim/slim/Slim/Middleware/RoutingMiddleware.php(45): Psr\Http\Server\RequestHandlerInterface@anonymous->handle(Object(Slim\Http\ServerRequest))
#19 /var/www/html/backend/vendor/slim/slim/Slim/MiddlewareDispatcher.php(129): Slim\Middleware\RoutingMiddleware->process(Object(Slim\Http\ServerRequest), Object(Psr\Http\Server\RequestHandlerInterface@anonymous))
#20 /var/www/html/backend/vendor/slim/slim/Slim/Middleware/ErrorMiddleware.php(77): Psr\Http\Server\RequestHandlerInterface@anonymous->handle(Object(Slim\Http\ServerRequest))
#21 /var/www/html/backend/vendor/slim/slim/Slim/MiddlewareDispatcher.php(129): Slim\Middleware\ErrorMiddleware->process(Object(Slim\Http\ServerRequest), Object(Psr\Http\Server\RequestHandlerInterface@anonymous))
#22 /var/www/html/backend/vendor/slim/slim/Slim/MiddlewareDispatcher.php(73): Psr\Http\Server\RequestHandlerInterface@anonymous->handle(Object(Slim\Http\ServerRequest))
#23 /var/www/html/backend/vendor/slim/slim/Slim/App.php(209): Slim\MiddlewareDispatcher->handle(Object(Slim\Http\ServerRequest))
#24 /var/www/html/backend/vendor/slim/slim/Slim/App.php(193): Slim\App->handle(Object(Slim\Http\ServerRequest))
#25 /var/www/html/backend/public/index.php(19): Slim\App->run()
#26 {main} [] []
[2025-04-25T11:38:42.882629+02:00] json_error_renderer.ERROR: 
[1146] An exception occurred while executing a query: SQLSTATE[42S02]: Base table or view not found: 1146 Table 'tdw_24_25.persons' doesn't exist in /var/www/html/backend/vendor/doctrine/dbal/src/Driver/API/MySQL/ExceptionConverter.php on line 40.
Backtrace:
#0 /var/www/html/backend/vendor/doctrine/dbal/src/Connection.php(1418): Doctrine\DBAL\Driver\API\MySQL\ExceptionConverter->convert(Object(Doctrine\DBAL\Driver\PDO\Exception), Object(Doctrine\DBAL\Query))
#1 /var/www/html/backend/vendor/doctrine/dbal/src/Connection.php(1360): Doctrine\DBAL\Connection->handleDriverException(Object(Doctrine\DBAL\Driver\PDO\Exception), Object(Doctrine\DBAL\Query))
#2 /var/www/html/backend/vendor/doctrine/dbal/src/Connection.php(787): Doctrine\DBAL\Connection->convertExceptionDuringQuery(Object(Doctrine\DBAL\Driver\PDO\Exception), 'SELECT t0.id AS...', Array, Array)
#3 /var/www/html/backend/vendor/doctrine/orm/src/Persisters/Entity/BasicEntityPersister.php(886): Doctrine\DBAL\Connection->executeQuery('SELECT t0.id AS...', Array, Array)
#4 /var/www/html/backend/vendor/doctrine/orm/src/LazyCriteriaCollection.php(93): Doctrine\ORM\Persisters\Entity\BasicEntityPersister->loadCriteria(Object(Doctrine\Common\Collections\Criteria))
#5 /var/www/html/backend/vendor/doctrine/collections/src/AbstractLazyCollection.php(400): Doctrine\ORM\LazyCriteriaCollection->doInitialize()
#6 /var/www/html/backend/vendor/doctrine/collections/src/AbstractLazyCollection.php(138): Doctrine\Common\Collections\AbstractLazyCollection->initialize()
#7 /var/www/html/backend/src/Controller/Element/ElementBaseQueryController.php(61): Doctrine\Common\Collections\AbstractLazyCollection->getValues()
#8 /var/www/html/backend/vendor/slim/slim/Slim/Handlers/Strategies/RequestResponse.php(38): TDW\ACiencia\Controller\Element\ElementBaseQueryController->cget(Object(Slim\Http\ServerRequest), Object(Slim\Http\Response), Array)
#9 /var/www/html/backend/vendor/slim/slim/Slim/Routing/Route.php(363): Slim\Handlers\Strategies\RequestResponse->__invoke(Array, Object(Slim\Http\ServerRequest), Object(Slim\Http\Response), Array)
#10 /var/www/html/backend/vendor/slim/slim/Slim/MiddlewareDispatcher.php(73): Slim\Routing\Route->handle(Object(Slim\Http\ServerRequest))
#11 /var/www/html/backend/vendor/slim/slim/Slim/MiddlewareDispatcher.php(73): Slim\MiddlewareDispatcher->handle(Object(Slim\Http\ServerRequest))
#12 /var/www/html/backend/vendor/slim/slim/Slim/Routing/Route.php(321): Slim\MiddlewareDispatcher->handle(Object(Slim\Http\ServerRequest))
#13 /var/www/html/backend/vendor/slim/slim/Slim/Routing/RouteRunner.php(74): Slim\Routing\Route->run(Object(Slim\Http\ServerRequest))
#14 /var/www/html/backend/vendor/slim/slim/Slim/Middleware/BodyParsingMiddleware.php(65): Slim\Routing\RouteRunner->handle(Object(Slim\Http\ServerRequest))
#15 /var/www/html/backend/vendor/slim/slim/Slim/MiddlewareDispatcher.php(129): Slim\Middleware\BodyParsingMiddleware->process(Object(Slim\Http\ServerRequest), Object(Slim\Routing\RouteRunner))
#16 /var/www/html/backend/src/Middleware/CorsMiddleware.php(35): Psr\Http\Server\RequestHandlerInterface@anonymous->handle(Object(Slim\Http\ServerRequest))
#17 /var/www/html/backend/vendor/slim/slim/Slim/MiddlewareDispatcher.php(177): TDW\ACiencia\Middleware\CorsMiddleware->process(Object(Slim\Http\ServerRequest), Object(Psr\Http\Server\RequestHandlerInterface@anonymous))
#18 /var/www/html/backend/vendor/slim/slim/Slim/Middleware/RoutingMiddleware.php(45): Psr\Http\Server\RequestHandlerInterface@anonymous->handle(Object(Slim\Http\ServerRequest))
#19 /var/www/html/backend/vendor/slim/slim/Slim/MiddlewareDispatcher.php(129): Slim\Middleware\RoutingMiddleware->process(Object(Slim\Http\ServerRequest), Object(Psr\Http\Server\RequestHandlerInterface@anonymous))
#20 /var/www/html/backend/vendor/slim/slim/Slim/Middleware/ErrorMiddleware.php(77): Psr\Http\Server\RequestHandlerInterface@anonymous->handle(Object(Slim\Http\ServerRequest))
#21 /var/www/html/backend/vendor/slim/slim/Slim/MiddlewareDispatcher.php(129): Slim\Middleware\ErrorMiddleware->process(Object(Slim\Http\ServerRequest), Object(Psr\Http\Server\RequestHandlerInterface@anonymous))
#22 /var/www/html/backend/vendor/slim/slim/Slim/MiddlewareDispatcher.php(73): Psr\Http\Server\RequestHandlerInterface@anonymous->handle(Object(Slim\Http\ServerRequest))
#23 /var/www/html/backend/vendor/slim/slim/Slim/App.php(209): Slim\MiddlewareDispatcher->handle(Object(Slim\Http\ServerRequest))
#24 /var/www/html/backend/vendor/slim/slim/Slim/App.php(193): Slim\App->handle(Object(Slim\Http\ServerRequest))
#25 /var/www/html/backend/public/index.php(19): Slim\App->run()
#26 {main} [] []
[2025-04-25T11:38:51.102297+02:00] json_error_renderer.ERROR: 
[1146] An exception occurred while executing a query: SQLSTATE[42S02]: Base table or view not found: 1146 Table 'tdw_24_25.entities' doesn't exist in /var/www/html/backend/vendor/doctrine/dbal/src/Driver/API/MySQL/ExceptionConverter.php on line 40.
Backtrace:
#0 /var/www/html/backend/vendor/doctrine/dbal/src/Connection.php(1418): Doctrine\DBAL\Driver\API\MySQL\ExceptionConverter->convert(Object(Doctrine\DBAL\Driver\PDO\Exception), Object(Doctrine\DBAL\Query))
#1 /var/www/html/backend/vendor/doctrine/dbal/src/Connection.php(1360): Doctrine\DBAL\Connection->handleDriverException(Object(Doctrine\DBAL\Driver\PDO\Exception), Object(Doctrine\DBAL\Query))
#2 /var/www/html/backend/vendor/doctrine/dbal/src/Connection.php(787): Doctrine\DBAL\Connection->convertExceptionDuringQuery(Object(Doctrine\DBAL\Driver\PDO\Exception), 'SELECT t0.id AS...', Array, Array)
#3 /var/www/html/backend/vendor/doctrine/orm/src/Persisters/Entity/BasicEntityPersister.php(886): Doctrine\DBAL\Connection->executeQuery('SELECT t0.id AS...', Array, Array)
#4 /var/www/html/backend/vendor/doctrine/orm/src/LazyCriteriaCollection.php(93): Doctrine\ORM\Persisters\Entity\BasicEntityPersister->loadCriteria(Object(Doctrine\Common\Collections\Criteria))
#5 /var/www/html/backend/vendor/doctrine/collections/src/AbstractLazyCollection.php(400): Doctrine\ORM\LazyCriteriaCollection->doInitialize()
#6 /var/www/html/backend/vendor/doctrine/collections/src/AbstractLazyCollection.php(138): Doctrine\Common\Collections\AbstractLazyCollection->initialize()
#7 /var/www/html/backend/src/Controller/Element/ElementBaseQueryController.php(61): Doctrine\Common\Collections\AbstractLazyCollection->getValues()
#8 /var/www/html/backend/vendor/slim/slim/Slim/Handlers/Strategies/RequestResponse.php(38): TDW\ACiencia\Controller\Element\ElementBaseQueryController->cget(Object(Slim\Http\ServerRequest), Object(Slim\Http\Response), Array)
#9 /var/www/html/backend/vendor/slim/slim/Slim/Routing/Route.php(363): Slim\Handlers\Strategies\RequestResponse->__invoke(Array, Object(Slim\Http\ServerRequest), Object(Slim\Http\Response), Array)
#10 /var/www/html/backend/vendor/slim/slim/Slim/MiddlewareDispatcher.php(73): Slim\Routing\Route->handle(Object(Slim\Http\ServerRequest))
#11 /var/www/html/backend/vendor/slim/slim/Slim/MiddlewareDispatcher.php(73): Slim\MiddlewareDispatcher->handle(Object(Slim\Http\ServerRequest))
#12 /var/www/html/backend/vendor/slim/slim/Slim/Routing/Route.php(321): Slim\MiddlewareDispatcher->handle(Object(Slim\Http\ServerRequest))
#13 /var/www/html/backend/vendor/slim/slim/Slim/Routing/RouteRunner.php(74): Slim\Routing\Route->run(Object(Slim\Http\ServerRequest))
#14 /var/www/html/backend/vendor/slim/slim/Slim/Middleware/BodyParsingMiddleware.php(65): Slim\Routing\RouteRunner->handle(Object(Slim\Http\ServerRequest))
#15 /var/www/html/backend/vendor/slim/slim/Slim/MiddlewareDispatcher.php(129): Slim\Middleware\BodyParsingMiddleware->process(Object(Slim\Http\ServerRequest), Object(Slim\Routing\RouteRunner))
#16 /var/www/html/backend/src/Middleware/CorsMiddleware.php(35): Psr\Http\Server\RequestHandlerInterface@anonymous->handle(Object(Slim\Http\ServerRequest))
#17 /var/www/html/backend/vendor/slim/slim/Slim/MiddlewareDispatcher.php(177): TDW\ACiencia\Middleware\CorsMiddleware->process(Object(Slim\Http\ServerRequest), Object(Psr\Http\Server\RequestHandlerInterface@anonymous))
#18 /var/www/html/backend/vendor/slim/slim/Slim/Middleware/RoutingMiddleware.php(45): Psr\Http\Server\RequestHandlerInterface@anonymous->handle(Object(Slim\Http\ServerRequest))
#19 /var/www/html/backend/vendor/slim/slim/Slim/MiddlewareDispatcher.php(129): Slim\Middleware\RoutingMiddleware->process(Object(Slim\Http\ServerRequest), Object(Psr\Http\Server\RequestHandlerInterface@anonymous))
#20 /var/www/html/backend/vendor/slim/slim/Slim/Middleware/ErrorMiddleware.php(77): Psr\Http\Server\RequestHandlerInterface@anonymous->handle(Object(Slim\Http\ServerRequest))
#21 /var/www/html/backend/vendor/slim/slim/Slim/MiddlewareDispatcher.php(129): Slim\Middleware\ErrorMiddleware->process(Object(Slim\Http\ServerRequest), Object(Psr\Http\Server\RequestHandlerInterface@anonymous))
#22 /var/www/html/backend/vendor/slim/slim/Slim/MiddlewareDispatcher.php(73): Psr\Http\Server\RequestHandlerInterface@anonymous->handle(Object(Slim\Http\ServerRequest))
#23 /var/www/html/backend/vendor/slim/slim/Slim/App.php(209): Slim\MiddlewareDispatcher->handle(Object(Slim\Http\ServerRequest))
#24 /var/www/html/backend/vendor/slim/slim/Slim/App.php(193): Slim\App->handle(Object(Slim\Http\ServerRequest))
#25 /var/www/html/backend/public/index.php(19): Slim\App->run()
#26 {main} [] []
[2025-04-25T11:38:59.001397+02:00] json_error_renderer.ERROR: 
[1146] An exception occurred while executing a query: SQLSTATE[42S02]: Base table or view not found: 1146 Table 'tdw_24_25.products' doesn't exist in /var/www/html/backend/vendor/doctrine/dbal/src/Driver/API/MySQL/ExceptionConverter.php on line 40.
Backtrace:
#0 /var/www/html/backend/vendor/doctrine/dbal/src/Connection.php(1418): Doctrine\DBAL\Driver\API\MySQL\ExceptionConverter->convert(Object(Doctrine\DBAL\Driver\PDO\Exception), Object(Doctrine\DBAL\Query))
#1 /var/www/html/backend/vendor/doctrine/dbal/src/Connection.php(1360): Doctrine\DBAL\Connection->handleDriverException(Object(Doctrine\DBAL\Driver\PDO\Exception), Object(Doctrine\DBAL\Query))
#2 /var/www/html/backend/vendor/doctrine/dbal/src/Connection.php(787): Doctrine\DBAL\Connection->convertExceptionDuringQuery(Object(Doctrine\DBAL\Driver\PDO\Exception), 'SELECT t0.id AS...', Array, Array)
#3 /var/www/html/backend/vendor/doctrine/orm/src/Persisters/Entity/BasicEntityPersister.php(886): Doctrine\DBAL\Connection->executeQuery('SELECT t0.id AS...', Array, Array)
#4 /var/www/html/backend/vendor/doctrine/orm/src/LazyCriteriaCollection.php(93): Doctrine\ORM\Persisters\Entity\BasicEntityPersister->loadCriteria(Object(Doctrine\Common\Collections\Criteria))
#5 /var/www/html/backend/vendor/doctrine/collections/src/AbstractLazyCollection.php(400): Doctrine\ORM\LazyCriteriaCollection->doInitialize()
#6 /var/www/html/backend/vendor/doctrine/collections/src/AbstractLazyCollection.php(138): Doctrine\Common\Collections\AbstractLazyCollection->initialize()
#7 /var/www/html/backend/src/Controller/Element/ElementBaseQueryController.php(61): Doctrine\Common\Collections\AbstractLazyCollection->getValues()
#8 /var/www/html/backend/vendor/slim/slim/Slim/Handlers/Strategies/RequestResponse.php(38): TDW\ACiencia\Controller\Element\ElementBaseQueryController->cget(Object(Slim\Http\ServerRequest), Object(Slim\Http\Response), Array)
#9 /var/www/html/backend/vendor/slim/slim/Slim/Routing/Route.php(363): Slim\Handlers\Strategies\RequestResponse->__invoke(Array, Object(Slim\Http\ServerRequest), Object(Slim\Http\Response), Array)
#10 /var/www/html/backend/vendor/slim/slim/Slim/MiddlewareDispatcher.php(73): Slim\Routing\Route->handle(Object(Slim\Http\ServerRequest))
#11 /var/www/html/backend/vendor/slim/slim/Slim/MiddlewareDispatcher.php(73): Slim\MiddlewareDispatcher->handle(Object(Slim\Http\ServerRequest))
#12 /var/www/html/backend/vendor/slim/slim/Slim/Routing/Route.php(321): Slim\MiddlewareDispatcher->handle(Object(Slim\Http\ServerRequest))
#13 /var/www/html/backend/vendor/slim/slim/Slim/Routing/RouteRunner.php(74): Slim\Routing\Route->run(Object(Slim\Http\ServerRequest))
#14 /var/www/html/backend/vendor/slim/slim/Slim/Middleware/BodyParsingMiddleware.php(65): Slim\Routing\RouteRunner->handle(Object(Slim\Http\ServerRequest))
#15 /var/www/html/backend/vendor/slim/slim/Slim/MiddlewareDispatcher.php(129): Slim\Middleware\BodyParsingMiddleware->process(Object(Slim\Http\ServerRequest), Object(Slim\Routing\RouteRunner))
#16 /var/www/html/backend/src/Middleware/CorsMiddleware.php(35): Psr\Http\Server\RequestHandlerInterface@anonymous->handle(Object(Slim\Http\ServerRequest))
#17 /var/www/html/backend/vendor/slim/slim/Slim/MiddlewareDispatcher.php(177): TDW\ACiencia\Middleware\CorsMiddleware->process(Object(Slim\Http\ServerRequest), Object(Psr\Http\Server\RequestHandlerInterface@anonymous))
#18 /var/www/html/backend/vendor/slim/slim/Slim/Middleware/RoutingMiddleware.php(45): Psr\Http\Server\RequestHandlerInterface@anonymous->handle(Object(Slim\Http\ServerRequest))
#19 /var/www/html/backend/vendor/slim/slim/Slim/MiddlewareDispatcher.php(129): Slim\Middleware\RoutingMiddleware->process(Object(Slim\Http\ServerRequest), Object(Psr\Http\Server\RequestHandlerInterface@anonymous))
#20 /var/www/html/backend/vendor/slim/slim/Slim/Middleware/ErrorMiddleware.php(77): Psr\Http\Server\RequestHandlerInterface@anonymous->handle(Object(Slim\Http\ServerRequest))
#21 /var/www/html/backend/vendor/slim/slim/Slim/MiddlewareDispatcher.php(129): Slim\Middleware\ErrorMiddleware->process(Object(Slim\Http\ServerRequest), Object(Psr\Http\Server\RequestHandlerInterface@anonymous))
#22 /var/www/html/backend/vendor/slim/slim/Slim/MiddlewareDispatcher.php(73): Psr\Http\Server\RequestHandlerInterface@anonymous->handle(Object(Slim\Http\ServerRequest))
#23 /var/www/html/backend/vendor/slim/slim/Slim/App.php(209): Slim\MiddlewareDispatcher->handle(Object(Slim\Http\ServerRequest))
#24 /var/www/html/backend/vendor/slim/slim/Slim/App.php(193): Slim\App->handle(Object(Slim\Http\ServerRequest))
#25 /var/www/html/backend/public/index.php(19): Slim\App->run()
#26 {main} [] []
[2025-04-25T11:44:05.420246+02:00] json_error_renderer.ERROR: 
[1146] An exception occurred while executing a query: SQLSTATE[42S02]: Base table or view not found: 1146 Table 'tdw_24_25.persons' doesn't exist in /var/www/html/backend/vendor/doctrine/dbal/src/Driver/API/MySQL/ExceptionConverter.php on line 40.
Backtrace:
#0 /var/www/html/backend/vendor/doctrine/dbal/src/Connection.php(1418): Doctrine\DBAL\Driver\API\MySQL\ExceptionConverter->convert(Object(Doctrine\DBAL\Driver\PDO\Exception), Object(Doctrine\DBAL\Query))
#1 /var/www/html/backend/vendor/doctrine/dbal/src/Connection.php(1360): Doctrine\DBAL\Connection->handleDriverException(Object(Doctrine\DBAL\Driver\PDO\Exception), Object(Doctrine\DBAL\Query))
#2 /var/www/html/backend/vendor/doctrine/dbal/src/Connection.php(787): Doctrine\DBAL\Connection->convertExceptionDuringQuery(Object(Doctrine\DBAL\Driver\PDO\Exception), 'SELECT t0.id AS...', Array, Array)
#3 /var/www/html/backend/vendor/doctrine/orm/src/Persisters/Entity/BasicEntityPersister.php(886): Doctrine\DBAL\Connection->executeQuery('SELECT t0.id AS...', Array, Array)
#4 /var/www/html/backend/vendor/doctrine/orm/src/LazyCriteriaCollection.php(93): Doctrine\ORM\Persisters\Entity\BasicEntityPersister->loadCriteria(Object(Doctrine\Common\Collections\Criteria))
#5 /var/www/html/backend/vendor/doctrine/collections/src/AbstractLazyCollection.php(400): Doctrine\ORM\LazyCriteriaCollection->doInitialize()
#6 /var/www/html/backend/vendor/doctrine/collections/src/AbstractLazyCollection.php(138): Doctrine\Common\Collections\AbstractLazyCollection->initialize()
#7 /var/www/html/backend/src/Controller/Element/ElementBaseQueryController.php(61): Doctrine\Common\Collections\AbstractLazyCollection->getValues()
#8 /var/www/html/backend/vendor/slim/slim/Slim/Handlers/Strategies/RequestResponse.php(38): TDW\ACiencia\Controller\Element\ElementBaseQueryController->cget(Object(Slim\Http\ServerRequest), Object(Slim\Http\Response), Array)
#9 /var/www/html/backend/vendor/slim/slim/Slim/Routing/Route.php(363): Slim\Handlers\Strategies\RequestResponse->__invoke(Array, Object(Slim\Http\ServerRequest), Object(Slim\Http\Response), Array)
#10 /var/www/html/backend/vendor/slim/slim/Slim/MiddlewareDispatcher.php(73): Slim\Routing\Route->handle(Object(Slim\Http\ServerRequest))
#11 /var/www/html/backend/vendor/slim/slim/Slim/MiddlewareDispatcher.php(73): Slim\MiddlewareDispatcher->handle(Object(Slim\Http\ServerRequest))
#12 /var/www/html/backend/vendor/slim/slim/Slim/Routing/Route.php(321): Slim\MiddlewareDispatcher->handle(Object(Slim\Http\ServerRequest))
#13 /var/www/html/backend/vendor/slim/slim/Slim/Routing/RouteRunner.php(74): Slim\Routing\Route->run(Object(Slim\Http\ServerRequest))
#14 /var/www/html/backend/vendor/slim/slim/Slim/Middleware/BodyParsingMiddleware.php(65): Slim\Routing\RouteRunner->handle(Object(Slim\Http\ServerRequest))
#15 /var/www/html/backend/vendor/slim/slim/Slim/MiddlewareDispatcher.php(129): Slim\Middleware\BodyParsingMiddleware->process(Object(Slim\Http\ServerRequest), Object(Slim\Routing\RouteRunner))
#16 /var/www/html/backend/src/Middleware/CorsMiddleware.php(35): Psr\Http\Server\RequestHandlerInterface@anonymous->handle(Object(Slim\Http\ServerRequest))
#17 /var/www/html/backend/vendor/slim/slim/Slim/MiddlewareDispatcher.php(177): TDW\ACiencia\Middleware\CorsMiddleware->process(Object(Slim\Http\ServerRequest), Object(Psr\Http\Server\RequestHandlerInterface@anonymous))
#18 /var/www/html/backend/vendor/slim/slim/Slim/Middleware/RoutingMiddleware.php(45): Psr\Http\Server\RequestHandlerInterface@anonymous->handle(Object(Slim\Http\ServerRequest))
#19 /var/www/html/backend/vendor/slim/slim/Slim/MiddlewareDispatcher.php(129): Slim\Middleware\RoutingMiddleware->process(Object(Slim\Http\ServerRequest), Object(Psr\Http\Server\RequestHandlerInterface@anonymous))
#20 /var/www/html/backend/vendor/slim/slim/Slim/Middleware/ErrorMiddleware.php(77): Psr\Http\Server\RequestHandlerInterface@anonymous->handle(Object(Slim\Http\ServerRequest))
#21 /var/www/html/backend/vendor/slim/slim/Slim/MiddlewareDispatcher.php(129): Slim\Middleware\ErrorMiddleware->process(Object(Slim\Http\ServerRequest), Object(Psr\Http\Server\RequestHandlerInterface@anonymous))
#22 /var/www/html/backend/vendor/slim/slim/Slim/MiddlewareDispatcher.php(73): Psr\Http\Server\RequestHandlerInterface@anonymous->handle(Object(Slim\Http\ServerRequest))
#23 /var/www/html/backend/vendor/slim/slim/Slim/App.php(209): Slim\MiddlewareDispatcher->handle(Object(Slim\Http\ServerRequest))
#24 /var/www/html/backend/vendor/slim/slim/Slim/App.php(193): Slim\App->handle(Object(Slim\Http\ServerRequest))
#25 /var/www/html/backend/public/index.php(19): Slim\App->run()
#26 {main} [] []
[2025-04-25T11:44:13.080799+02:00] json_error_renderer.ERROR: 
[1146] An exception occurred while executing a query: SQLSTATE[42S02]: Base table or view not found: 1146 Table 'tdw_24_25.entities' doesn't exist in /var/www/html/backend/vendor/doctrine/dbal/src/Driver/API/MySQL/ExceptionConverter.php on line 40.
Backtrace:
#0 /var/www/html/backend/vendor/doctrine/dbal/src/Connection.php(1418): Doctrine\DBAL\Driver\API\MySQL\ExceptionConverter->convert(Object(Doctrine\DBAL\Driver\PDO\Exception), Object(Doctrine\DBAL\Query))
#1 /var/www/html/backend/vendor/doctrine/dbal/src/Connection.php(1360): Doctrine\DBAL\Connection->handleDriverException(Object(Doctrine\DBAL\Driver\PDO\Exception), Object(Doctrine\DBAL\Query))
#2 /var/www/html/backend/vendor/doctrine/dbal/src/Connection.php(787): Doctrine\DBAL\Connection->convertExceptionDuringQuery(Object(Doctrine\DBAL\Driver\PDO\Exception), 'SELECT t0.id AS...', Array, Array)
#3 /var/www/html/backend/vendor/doctrine/orm/src/Persisters/Entity/BasicEntityPersister.php(886): Doctrine\DBAL\Connection->executeQuery('SELECT t0.id AS...', Array, Array)
#4 /var/www/html/backend/vendor/doctrine/orm/src/LazyCriteriaCollection.php(93): Doctrine\ORM\Persisters\Entity\BasicEntityPersister->loadCriteria(Object(Doctrine\Common\Collections\Criteria))
#5 /var/www/html/backend/vendor/doctrine/collections/src/AbstractLazyCollection.php(400): Doctrine\ORM\LazyCriteriaCollection->doInitialize()
#6 /var/www/html/backend/vendor/doctrine/collections/src/AbstractLazyCollection.php(138): Doctrine\Common\Collections\AbstractLazyCollection->initialize()
#7 /var/www/html/backend/src/Controller/Element/ElementBaseQueryController.php(61): Doctrine\Common\Collections\AbstractLazyCollection->getValues()
#8 /var/www/html/backend/vendor/slim/slim/Slim/Handlers/Strategies/RequestResponse.php(38): TDW\ACiencia\Controller\Element\ElementBaseQueryController->cget(Object(Slim\Http\ServerRequest), Object(Slim\Http\Response), Array)
#9 /var/www/html/backend/vendor/slim/slim/Slim/Routing/Route.php(363): Slim\Handlers\Strategies\RequestResponse->__invoke(Array, Object(Slim\Http\ServerRequest), Object(Slim\Http\Response), Array)
#10 /var/www/html/backend/vendor/slim/slim/Slim/MiddlewareDispatcher.php(73): Slim\Routing\Route->handle(Object(Slim\Http\ServerRequest))
#11 /var/www/html/backend/vendor/slim/slim/Slim/MiddlewareDispatcher.php(73): Slim\MiddlewareDispatcher->handle(Object(Slim\Http\ServerRequest))
#12 /var/www/html/backend/vendor/slim/slim/Slim/Routing/Route.php(321): Slim\MiddlewareDispatcher->handle(Object(Slim\Http\ServerRequest))
#13 /var/www/html/backend/vendor/slim/slim/Slim/Routing/RouteRunner.php(74): Slim\Routing\Route->run(Object(Slim\Http\ServerRequest))
#14 /var/www/html/backend/vendor/slim/slim/Slim/Middleware/BodyParsingMiddleware.php(65): Slim\Routing\RouteRunner->handle(Object(Slim\Http\ServerRequest))
#15 /var/www/html/backend/vendor/slim/slim/Slim/MiddlewareDispatcher.php(129): Slim\Middleware\BodyParsingMiddleware->process(Object(Slim\Http\ServerRequest), Object(Slim\Routing\RouteRunner))
#16 /var/www/html/backend/src/Middleware/CorsMiddleware.php(35): Psr\Http\Server\RequestHandlerInterface@anonymous->handle(Object(Slim\Http\ServerRequest))
#17 /var/www/html/backend/vendor/slim/slim/Slim/MiddlewareDispatcher.php(177): TDW\ACiencia\Middleware\CorsMiddleware->process(Object(Slim\Http\ServerRequest), Object(Psr\Http\Server\RequestHandlerInterface@anonymous))
#18 /var/www/html/backend/vendor/slim/slim/Slim/Middleware/RoutingMiddleware.php(45): Psr\Http\Server\RequestHandlerInterface@anonymous->handle(Object(Slim\Http\ServerRequest))
#19 /var/www/html/backend/vendor/slim/slim/Slim/MiddlewareDispatcher.php(129): Slim\Middleware\RoutingMiddleware->process(Object(Slim\Http\ServerRequest), Object(Psr\Http\Server\RequestHandlerInterface@anonymous))
#20 /var/www/html/backend/vendor/slim/slim/Slim/Middleware/ErrorMiddleware.php(77): Psr\Http\Server\RequestHandlerInterface@anonymous->handle(Object(Slim\Http\ServerRequest))
#21 /var/www/html/backend/vendor/slim/slim/Slim/MiddlewareDispatcher.php(129): Slim\Middleware\ErrorMiddleware->process(Object(Slim\Http\ServerRequest), Object(Psr\Http\Server\RequestHandlerInterface@anonymous))
#22 /var/www/html/backend/vendor/slim/slim/Slim/MiddlewareDispatcher.php(73): Psr\Http\Server\RequestHandlerInterface@anonymous->handle(Object(Slim\Http\ServerRequest))
#23 /var/www/html/backend/vendor/slim/slim/Slim/App.php(209): Slim\MiddlewareDispatcher->handle(Object(Slim\Http\ServerRequest))
#24 /var/www/html/backend/vendor/slim/slim/Slim/App.php(193): Slim\App->handle(Object(Slim\Http\ServerRequest))
#25 /var/www/html/backend/public/index.php(19): Slim\App->run()
#26 {main} [] []
[2025-04-25T11:44:19.538821+02:00] json_error_renderer.ERROR: 
[1146] An exception occurred while executing a query: SQLSTATE[42S02]: Base table or view not found: 1146 Table 'tdw_24_25.products' doesn't exist in /var/www/html/backend/vendor/doctrine/dbal/src/Driver/API/MySQL/ExceptionConverter.php on line 40.
Backtrace:
#0 /var/www/html/backend/vendor/doctrine/dbal/src/Connection.php(1418): Doctrine\DBAL\Driver\API\MySQL\ExceptionConverter->convert(Object(Doctrine\DBAL\Driver\PDO\Exception), Object(Doctrine\DBAL\Query))
#1 /var/www/html/backend/vendor/doctrine/dbal/src/Connection.php(1360): Doctrine\DBAL\Connection->handleDriverException(Object(Doctrine\DBAL\Driver\PDO\Exception), Object(Doctrine\DBAL\Query))
#2 /var/www/html/backend/vendor/doctrine/dbal/src/Connection.php(787): Doctrine\DBAL\Connection->convertExceptionDuringQuery(Object(Doctrine\DBAL\Driver\PDO\Exception), 'SELECT t0.id AS...', Array, Array)
#3 /var/www/html/backend/vendor/doctrine/orm/src/Persisters/Entity/BasicEntityPersister.php(886): Doctrine\DBAL\Connection->executeQuery('SELECT t0.id AS...', Array, Array)
#4 /var/www/html/backend/vendor/doctrine/orm/src/LazyCriteriaCollection.php(93): Doctrine\ORM\Persisters\Entity\BasicEntityPersister->loadCriteria(Object(Doctrine\Common\Collections\Criteria))
#5 /var/www/html/backend/vendor/doctrine/collections/src/AbstractLazyCollection.php(400): Doctrine\ORM\LazyCriteriaCollection->doInitialize()
#6 /var/www/html/backend/vendor/doctrine/collections/src/AbstractLazyCollection.php(138): Doctrine\Common\Collections\AbstractLazyCollection->initialize()
#7 /var/www/html/backend/src/Controller/Element/ElementBaseQueryController.php(61): Doctrine\Common\Collections\AbstractLazyCollection->getValues()
#8 /var/www/html/backend/vendor/slim/slim/Slim/Handlers/Strategies/RequestResponse.php(38): TDW\ACiencia\Controller\Element\ElementBaseQueryController->cget(Object(Slim\Http\ServerRequest), Object(Slim\Http\Response), Array)
#9 /var/www/html/backend/vendor/slim/slim/Slim/Routing/Route.php(363): Slim\Handlers\Strategies\RequestResponse->__invoke(Array, Object(Slim\Http\ServerRequest), Object(Slim\Http\Response), Array)
#10 /var/www/html/backend/vendor/slim/slim/Slim/MiddlewareDispatcher.php(73): Slim\Routing\Route->handle(Object(Slim\Http\ServerRequest))
#11 /var/www/html/backend/vendor/slim/slim/Slim/MiddlewareDispatcher.php(73): Slim\MiddlewareDispatcher->handle(Object(Slim\Http\ServerRequest))
#12 /var/www/html/backend/vendor/slim/slim/Slim/Routing/Route.php(321): Slim\MiddlewareDispatcher->handle(Object(Slim\Http\ServerRequest))
#13 /var/www/html/backend/vendor/slim/slim/Slim/Routing/RouteRunner.php(74): Slim\Routing\Route->run(Object(Slim\Http\ServerRequest))
#14 /var/www/html/backend/vendor/slim/slim/Slim/Middleware/BodyParsingMiddleware.php(65): Slim\Routing\RouteRunner->handle(Object(Slim\Http\ServerRequest))
#15 /var/www/html/backend/vendor/slim/slim/Slim/MiddlewareDispatcher.php(129): Slim\Middleware\BodyParsingMiddleware->process(Object(Slim\Http\ServerRequest), Object(Slim\Routing\RouteRunner))
#16 /var/www/html/backend/src/Middleware/CorsMiddleware.php(35): Psr\Http\Server\RequestHandlerInterface@anonymous->handle(Object(Slim\Http\ServerRequest))
#17 /var/www/html/backend/vendor/slim/slim/Slim/MiddlewareDispatcher.php(177): TDW\ACiencia\Middleware\CorsMiddleware->process(Object(Slim\Http\ServerRequest), Object(Psr\Http\Server\RequestHandlerInterface@anonymous))
#18 /var/www/html/backend/vendor/slim/slim/Slim/Middleware/RoutingMiddleware.php(45): Psr\Http\Server\RequestHandlerInterface@anonymous->handle(Object(Slim\Http\ServerRequest))
#19 /var/www/html/backend/vendor/slim/slim/Slim/MiddlewareDispatcher.php(129): Slim\Middleware\RoutingMiddleware->process(Object(Slim\Http\ServerRequest), Object(Psr\Http\Server\RequestHandlerInterface@anonymous))
#20 /var/www/html/backend/vendor/slim/slim/Slim/Middleware/ErrorMiddleware.php(77): Psr\Http\Server\RequestHandlerInterface@anonymous->handle(Object(Slim\Http\ServerRequest))
#21 /var/www/html/backend/vendor/slim/slim/Slim/MiddlewareDispatcher.php(129): Slim\Middleware\ErrorMiddleware->process(Object(Slim\Http\ServerRequest), Object(Psr\Http\Server\RequestHandlerInterface@anonymous))
#22 /var/www/html/backend/vendor/slim/slim/Slim/MiddlewareDispatcher.php(73): Psr\Http\Server\RequestHandlerInterface@anonymous->handle(Object(Slim\Http\ServerRequest))
#23 /var/www/html/backend/vendor/slim/slim/Slim/App.php(209): Slim\MiddlewareDispatcher->handle(Object(Slim\Http\ServerRequest))
#24 /var/www/html/backend/vendor/slim/slim/Slim/App.php(193): Slim\App->handle(Object(Slim\Http\ServerRequest))
#25 /var/www/html/backend/public/index.php(19): Slim\App->run()
#26 {main} [] []
[2025-04-25T18:55:36.365332+02:00] json_error_renderer.ERROR: 
[1146] An exception occurred while executing a query: SQLSTATE[42S02]: Base table or view not found: 1146 Table 'tdw_24_25.persons' doesn't exist in /var/www/html/backend/vendor/doctrine/dbal/src/Driver/API/MySQL/ExceptionConverter.php on line 40.
Backtrace:
#0 /var/www/html/backend/vendor/doctrine/dbal/src/Connection.php(1418): Doctrine\DBAL\Driver\API\MySQL\ExceptionConverter->convert(Object(Doctrine\DBAL\Driver\PDO\Exception), Object(Doctrine\DBAL\Query))
#1 /var/www/html/backend/vendor/doctrine/dbal/src/Connection.php(1360): Doctrine\DBAL\Connection->handleDriverException(Object(Doctrine\DBAL\Driver\PDO\Exception), Object(Doctrine\DBAL\Query))
#2 /var/www/html/backend/vendor/doctrine/dbal/src/Connection.php(787): Doctrine\DBAL\Connection->convertExceptionDuringQuery(Object(Doctrine\DBAL\Driver\PDO\Exception), 'SELECT t0.id AS...', Array, Array)
#3 /var/www/html/backend/vendor/doctrine/orm/src/Persisters/Entity/BasicEntityPersister.php(886): Doctrine\DBAL\Connection->executeQuery('SELECT t0.id AS...', Array, Array)
#4 /var/www/html/backend/vendor/doctrine/orm/src/LazyCriteriaCollection.php(93): Doctrine\ORM\Persisters\Entity\BasicEntityPersister->loadCriteria(Object(Doctrine\Common\Collections\Criteria))
#5 /var/www/html/backend/vendor/doctrine/collections/src/AbstractLazyCollection.php(400): Doctrine\ORM\LazyCriteriaCollection->doInitialize()
#6 /var/www/html/backend/vendor/doctrine/collections/src/AbstractLazyCollection.php(138): Doctrine\Common\Collections\AbstractLazyCollection->initialize()
#7 /var/www/html/backend/src/Controller/Element/ElementBaseQueryController.php(61): Doctrine\Common\Collections\AbstractLazyCollection->getValues()
#8 /var/www/html/backend/vendor/slim/slim/Slim/Handlers/Strategies/RequestResponse.php(38): TDW\ACiencia\Controller\Element\ElementBaseQueryController->cget(Object(Slim\Http\ServerRequest), Object(Slim\Http\Response), Array)
#9 /var/www/html/backend/vendor/slim/slim/Slim/Routing/Route.php(363): Slim\Handlers\Strategies\RequestResponse->__invoke(Array, Object(Slim\Http\ServerRequest), Object(Slim\Http\Response), Array)
#10 /var/www/html/backend/vendor/slim/slim/Slim/MiddlewareDispatcher.php(73): Slim\Routing\Route->handle(Object(Slim\Http\ServerRequest))
#11 /var/www/html/backend/vendor/slim/slim/Slim/MiddlewareDispatcher.php(73): Slim\MiddlewareDispatcher->handle(Object(Slim\Http\ServerRequest))
#12 /var/www/html/backend/vendor/slim/slim/Slim/Routing/Route.php(321): Slim\MiddlewareDispatcher->handle(Object(Slim\Http\ServerRequest))
#13 /var/www/html/backend/vendor/slim/slim/Slim/Routing/RouteRunner.php(74): Slim\Routing\Route->run(Object(Slim\Http\ServerRequest))
#14 /var/www/html/backend/vendor/slim/slim/Slim/Middleware/BodyParsingMiddleware.php(65): Slim\Routing\RouteRunner->handle(Object(Slim\Http\ServerRequest))
#15 /var/www/html/backend/vendor/slim/slim/Slim/MiddlewareDispatcher.php(129): Slim\Middleware\BodyParsingMiddleware->process(Object(Slim\Http\ServerRequest), Object(Slim\Routing\RouteRunner))
#16 /var/www/html/backend/src/Middleware/CorsMiddleware.php(35): Psr\Http\Server\RequestHandlerInterface@anonymous->handle(Object(Slim\Http\ServerRequest))
#17 /var/www/html/backend/vendor/slim/slim/Slim/MiddlewareDispatcher.php(177): TDW\ACiencia\Middleware\CorsMiddleware->process(Object(Slim\Http\ServerRequest), Object(Psr\Http\Server\RequestHandlerInterface@anonymous))
#18 /var/www/html/backend/vendor/slim/slim/Slim/Middleware/RoutingMiddleware.php(45): Psr\Http\Server\RequestHandlerInterface@anonymous->handle(Object(Slim\Http\ServerRequest))
#19 /var/www/html/backend/vendor/slim/slim/Slim/MiddlewareDispatcher.php(129): Slim\Middleware\RoutingMiddleware->process(Object(Slim\Http\ServerRequest), Object(Psr\Http\Server\RequestHandlerInterface@anonymous))
#20 /var/www/html/backend/vendor/slim/slim/Slim/Middleware/ErrorMiddleware.php(77): Psr\Http\Server\RequestHandlerInterface@anonymous->handle(Object(Slim\Http\ServerRequest))
#21 /var/www/html/backend/vendor/slim/slim/Slim/MiddlewareDispatcher.php(129): Slim\Middleware\ErrorMiddleware->process(Object(Slim\Http\ServerRequest), Object(Psr\Http\Server\RequestHandlerInterface@anonymous))
#22 /var/www/html/backend/vendor/slim/slim/Slim/MiddlewareDispatcher.php(73): Psr\Http\Server\RequestHandlerInterface@anonymous->handle(Object(Slim\Http\ServerRequest))
#23 /var/www/html/backend/vendor/slim/slim/Slim/App.php(209): Slim\MiddlewareDispatcher->handle(Object(Slim\Http\ServerRequest))
#24 /var/www/html/backend/vendor/slim/slim/Slim/App.php(193): Slim\App->handle(Object(Slim\Http\ServerRequest))
#25 /var/www/html/backend/public/index.php(19): Slim\App->run()
#26 {main} [] []
[2025-04-25T18:55:37.590005+02:00] json_error_renderer.ERROR: 
[1146] An exception occurred while executing a query: SQLSTATE[42S02]: Base table or view not found: 1146 Table 'tdw_24_25.entities' doesn't exist in /var/www/html/backend/vendor/doctrine/dbal/src/Driver/API/MySQL/ExceptionConverter.php on line 40.
Backtrace:
#0 /var/www/html/backend/vendor/doctrine/dbal/src/Connection.php(1418): Doctrine\DBAL\Driver\API\MySQL\ExceptionConverter->convert(Object(Doctrine\DBAL\Driver\PDO\Exception), Object(Doctrine\DBAL\Query))
#1 /var/www/html/backend/vendor/doctrine/dbal/src/Connection.php(1360): Doctrine\DBAL\Connection->handleDriverException(Object(Doctrine\DBAL\Driver\PDO\Exception), Object(Doctrine\DBAL\Query))
#2 /var/www/html/backend/vendor/doctrine/dbal/src/Connection.php(787): Doctrine\DBAL\Connection->convertExceptionDuringQuery(Object(Doctrine\DBAL\Driver\PDO\Exception), 'SELECT t0.id AS...', Array, Array)
#3 /var/www/html/backend/vendor/doctrine/orm/src/Persisters/Entity/BasicEntityPersister.php(886): Doctrine\DBAL\Connection->executeQuery('SELECT t0.id AS...', Array, Array)
#4 /var/www/html/backend/vendor/doctrine/orm/src/LazyCriteriaCollection.php(93): Doctrine\ORM\Persisters\Entity\BasicEntityPersister->loadCriteria(Object(Doctrine\Common\Collections\Criteria))
#5 /var/www/html/backend/vendor/doctrine/collections/src/AbstractLazyCollection.php(400): Doctrine\ORM\LazyCriteriaCollection->doInitialize()
#6 /var/www/html/backend/vendor/doctrine/collections/src/AbstractLazyCollection.php(138): Doctrine\Common\Collections\AbstractLazyCollection->initialize()
#7 /var/www/html/backend/src/Controller/Element/ElementBaseQueryController.php(61): Doctrine\Common\Collections\AbstractLazyCollection->getValues()
#8 /var/www/html/backend/vendor/slim/slim/Slim/Handlers/Strategies/RequestResponse.php(38): TDW\ACiencia\Controller\Element\ElementBaseQueryController->cget(Object(Slim\Http\ServerRequest), Object(Slim\Http\Response), Array)
#9 /var/www/html/backend/vendor/slim/slim/Slim/Routing/Route.php(363): Slim\Handlers\Strategies\RequestResponse->__invoke(Array, Object(Slim\Http\ServerRequest), Object(Slim\Http\Response), Array)
#10 /var/www/html/backend/vendor/slim/slim/Slim/MiddlewareDispatcher.php(73): Slim\Routing\Route->handle(Object(Slim\Http\ServerRequest))
#11 /var/www/html/backend/vendor/slim/slim/Slim/MiddlewareDispatcher.php(73): Slim\MiddlewareDispatcher->handle(Object(Slim\Http\ServerRequest))
#12 /var/www/html/backend/vendor/slim/slim/Slim/Routing/Route.php(321): Slim\MiddlewareDispatcher->handle(Object(Slim\Http\ServerRequest))
#13 /var/www/html/backend/vendor/slim/slim/Slim/Routing/RouteRunner.php(74): Slim\Routing\Route->run(Object(Slim\Http\ServerRequest))
#14 /var/www/html/backend/vendor/slim/slim/Slim/Middleware/BodyParsingMiddleware.php(65): Slim\Routing\RouteRunner->handle(Object(Slim\Http\ServerRequest))
#15 /var/www/html/backend/vendor/slim/slim/Slim/MiddlewareDispatcher.php(129): Slim\Middleware\BodyParsingMiddleware->process(Object(Slim\Http\ServerRequest), Object(Slim\Routing\RouteRunner))
#16 /var/www/html/backend/src/Middleware/CorsMiddleware.php(35): Psr\Http\Server\RequestHandlerInterface@anonymous->handle(Object(Slim\Http\ServerRequest))
#17 /var/www/html/backend/vendor/slim/slim/Slim/MiddlewareDispatcher.php(177): TDW\ACiencia\Middleware\CorsMiddleware->process(Object(Slim\Http\ServerRequest), Object(Psr\Http\Server\RequestHandlerInterface@anonymous))
#18 /var/www/html/backend/vendor/slim/slim/Slim/Middleware/RoutingMiddleware.php(45): Psr\Http\Server\RequestHandlerInterface@anonymous->handle(Object(Slim\Http\ServerRequest))
#19 /var/www/html/backend/vendor/slim/slim/Slim/MiddlewareDispatcher.php(129): Slim\Middleware\RoutingMiddleware->process(Object(Slim\Http\ServerRequest), Object(Psr\Http\Server\RequestHandlerInterface@anonymous))
#20 /var/www/html/backend/vendor/slim/slim/Slim/Middleware/ErrorMiddleware.php(77): Psr\Http\Server\RequestHandlerInterface@anonymous->handle(Object(Slim\Http\ServerRequest))
#21 /var/www/html/backend/vendor/slim/slim/Slim/MiddlewareDispatcher.php(129): Slim\Middleware\ErrorMiddleware->process(Object(Slim\Http\ServerRequest), Object(Psr\Http\Server\RequestHandlerInterface@anonymous))
#22 /var/www/html/backend/vendor/slim/slim/Slim/MiddlewareDispatcher.php(73): Psr\Http\Server\RequestHandlerInterface@anonymous->handle(Object(Slim\Http\ServerRequest))
#23 /var/www/html/backend/vendor/slim/slim/Slim/App.php(209): Slim\MiddlewareDispatcher->handle(Object(Slim\Http\ServerRequest))
#24 /var/www/html/backend/vendor/slim/slim/Slim/App.php(193): Slim\App->handle(Object(Slim\Http\ServerRequest))
#25 /var/www/html/backend/public/index.php(19): Slim\App->run()
#26 {main} [] []
[2025-04-25T18:55:38.723159+02:00] json_error_renderer.ERROR: 
[1146] An exception occurred while executing a query: SQLSTATE[42S02]: Base table or view not found: 1146 Table 'tdw_24_25.products' doesn't exist in /var/www/html/backend/vendor/doctrine/dbal/src/Driver/API/MySQL/ExceptionConverter.php on line 40.
Backtrace:
#0 /var/www/html/backend/vendor/doctrine/dbal/src/Connection.php(1418): Doctrine\DBAL\Driver\API\MySQL\ExceptionConverter->convert(Object(Doctrine\DBAL\Driver\PDO\Exception), Object(Doctrine\DBAL\Query))
#1 /var/www/html/backend/vendor/doctrine/dbal/src/Connection.php(1360): Doctrine\DBAL\Connection->handleDriverException(Object(Doctrine\DBAL\Driver\PDO\Exception), Object(Doctrine\DBAL\Query))
#2 /var/www/html/backend/vendor/doctrine/dbal/src/Connection.php(787): Doctrine\DBAL\Connection->convertExceptionDuringQuery(Object(Doctrine\DBAL\Driver\PDO\Exception), 'SELECT t0.id AS...', Array, Array)
#3 /var/www/html/backend/vendor/doctrine/orm/src/Persisters/Entity/BasicEntityPersister.php(886): Doctrine\DBAL\Connection->executeQuery('SELECT t0.id AS...', Array, Array)
#4 /var/www/html/backend/vendor/doctrine/orm/src/LazyCriteriaCollection.php(93): Doctrine\ORM\Persisters\Entity\BasicEntityPersister->loadCriteria(Object(Doctrine\Common\Collections\Criteria))
#5 /var/www/html/backend/vendor/doctrine/collections/src/AbstractLazyCollection.php(400): Doctrine\ORM\LazyCriteriaCollection->doInitialize()
#6 /var/www/html/backend/vendor/doctrine/collections/src/AbstractLazyCollection.php(138): Doctrine\Common\Collections\AbstractLazyCollection->initialize()
#7 /var/www/html/backend/src/Controller/Element/ElementBaseQueryController.php(61): Doctrine\Common\Collections\AbstractLazyCollection->getValues()
#8 /var/www/html/backend/vendor/slim/slim/Slim/Handlers/Strategies/RequestResponse.php(38): TDW\ACiencia\Controller\Element\ElementBaseQueryController->cget(Object(Slim\Http\ServerRequest), Object(Slim\Http\Response), Array)
#9 /var/www/html/backend/vendor/slim/slim/Slim/Routing/Route.php(363): Slim\Handlers\Strategies\RequestResponse->__invoke(Array, Object(Slim\Http\ServerRequest), Object(Slim\Http\Response), Array)
#10 /var/www/html/backend/vendor/slim/slim/Slim/MiddlewareDispatcher.php(73): Slim\Routing\Route->handle(Object(Slim\Http\ServerRequest))
#11 /var/www/html/backend/vendor/slim/slim/Slim/MiddlewareDispatcher.php(73): Slim\MiddlewareDispatcher->handle(Object(Slim\Http\ServerRequest))
#12 /var/www/html/backend/vendor/slim/slim/Slim/Routing/Route.php(321): Slim\MiddlewareDispatcher->handle(Object(Slim\Http\ServerRequest))
#13 /var/www/html/backend/vendor/slim/slim/Slim/Routing/RouteRunner.php(74): Slim\Routing\Route->run(Object(Slim\Http\ServerRequest))
#14 /var/www/html/backend/vendor/slim/slim/Slim/Middleware/BodyParsingMiddleware.php(65): Slim\Routing\RouteRunner->handle(Object(Slim\Http\ServerRequest))
#15 /var/www/html/backend/vendor/slim/slim/Slim/MiddlewareDispatcher.php(129): Slim\Middleware\BodyParsingMiddleware->process(Object(Slim\Http\ServerRequest), Object(Slim\Routing\RouteRunner))
#16 /var/www/html/backend/src/Middleware/CorsMiddleware.php(35): Psr\Http\Server\RequestHandlerInterface@anonymous->handle(Object(Slim\Http\ServerRequest))
#17 /var/www/html/backend/vendor/slim/slim/Slim/MiddlewareDispatcher.php(177): TDW\ACiencia\Middleware\CorsMiddleware->process(Object(Slim\Http\ServerRequest), Object(Psr\Http\Server\RequestHandlerInterface@anonymous))
#18 /var/www/html/backend/vendor/slim/slim/Slim/Middleware/RoutingMiddleware.php(45): Psr\Http\Server\RequestHandlerInterface@anonymous->handle(Object(Slim\Http\ServerRequest))
#19 /var/www/html/backend/vendor/slim/slim/Slim/MiddlewareDispatcher.php(129): Slim\Middleware\RoutingMiddleware->process(Object(Slim\Http\ServerRequest), Object(Psr\Http\Server\RequestHandlerInterface@anonymous))
#20 /var/www/html/backend/vendor/slim/slim/Slim/Middleware/ErrorMiddleware.php(77): Psr\Http\Server\RequestHandlerInterface@anonymous->handle(Object(Slim\Http\ServerRequest))
#21 /var/www/html/backend/vendor/slim/slim/Slim/MiddlewareDispatcher.php(129): Slim\Middleware\ErrorMiddleware->process(Object(Slim\Http\ServerRequest), Object(Psr\Http\Server\RequestHandlerInterface@anonymous))
#22 /var/www/html/backend/vendor/slim/slim/Slim/MiddlewareDispatcher.php(73): Psr\Http\Server\RequestHandlerInterface@anonymous->handle(Object(Slim\Http\ServerRequest))
#23 /var/www/html/backend/vendor/slim/slim/Slim/App.php(209): Slim\MiddlewareDispatcher->handle(Object(Slim\Http\ServerRequest))
#24 /var/www/html/backend/vendor/slim/slim/Slim/App.php(193): Slim\App->handle(Object(Slim\Http\ServerRequest))
#25 /var/www/html/backend/public/index.php(19): Slim\App->run()
#26 {main} [] []
