[2025-04-10T15:51:53.951455+02:00] json_error_renderer.ERROR: 
[2002] An exception occurred in the driver: SQLSTATE[HY000] [2002] No se puede establecer una conexión ya que el equipo de destino denegó expresamente dicha conexión in C:\Users\ASUS\Desktop\Asignaturas\CUARTO\TDW\apiAnalesCiencia\vendor\doctrine\dbal\src\Driver\API\MySQL\ExceptionConverter.php on line 80.
Backtrace:
#0 C:\Users\ASUS\Desktop\Asignaturas\CUARTO\TDW\apiAnalesCiencia\vendor\doctrine\dbal\src\Connection.php(1418): Doctrine\DBAL\Driver\API\MySQL\ExceptionConverter->convert(Object(Doctrine\DBAL\Driver\PDO\Exception), NULL)
#1 C:\Users\ASUS\Desktop\Asignaturas\CUARTO\TDW\apiAnalesCiencia\vendor\doctrine\dbal\src\Connection.php(1366): Doctrine\DBAL\Connection->handleDriverException(Object(Doctrine\DBAL\Driver\PDO\Exception), NULL)
#2 C:\Users\ASUS\Desktop\Asignaturas\CUARTO\TDW\apiAnalesCiencia\vendor\doctrine\dbal\src\Connection.php(227): Doctrine\DBAL\Connection->convertException(Object(Doctrine\DBAL\Driver\PDO\Exception))
#3 C:\Users\ASUS\Desktop\Asignaturas\CUARTO\TDW\apiAnalesCiencia\vendor\doctrine\dbal\src\Connection.php(770): Doctrine\DBAL\Connection->connect()
#4 C:\Users\ASUS\Desktop\Asignaturas\CUARTO\TDW\apiAnalesCiencia\vendor\doctrine\orm\src\Persisters\Entity\BasicEntityPersister.php(865): Doctrine\DBAL\Connection->executeQuery('SELECT COUNT(*)...', Array, Array)
#5 C:\Users\ASUS\Desktop\Asignaturas\CUARTO\TDW\apiAnalesCiencia\vendor\doctrine\orm\src\LazyCriteriaCollection.php(51): Doctrine\ORM\Persisters\Entity\BasicEntityPersister->count(Object(Doctrine\Common\Collections\Criteria))
#6 C:\Users\ASUS\Desktop\Asignaturas\CUARTO\TDW\apiAnalesCiencia\src\Controller\User\CreateCommand.php(58): Doctrine\ORM\LazyCriteriaCollection->count()
#7 C:\Users\ASUS\Desktop\Asignaturas\CUARTO\TDW\apiAnalesCiencia\vendor\slim\slim\Slim\Handlers\Strategies\RequestResponse.php(38): TDW\ACiencia\Controller\User\CreateCommand->__invoke(Object(Slim\Http\ServerRequest), Object(Slim\Http\Response), Array)
#8 C:\Users\ASUS\Desktop\Asignaturas\CUARTO\TDW\apiAnalesCiencia\vendor\slim\slim\Slim\Routing\Route.php(363): Slim\Handlers\Strategies\RequestResponse->__invoke(Array, Object(Slim\Http\ServerRequest), Object(Slim\Http\Response), Array)
#9 C:\Users\ASUS\Desktop\Asignaturas\CUARTO\TDW\apiAnalesCiencia\vendor\slim\slim\Slim\MiddlewareDispatcher.php(73): Slim\Routing\Route->handle(Object(Slim\Http\ServerRequest))
#10 C:\Users\ASUS\Desktop\Asignaturas\CUARTO\TDW\apiAnalesCiencia\vendor\slim\slim\Slim\MiddlewareDispatcher.php(73): Slim\MiddlewareDispatcher->handle(Object(Slim\Http\ServerRequest))
#11 C:\Users\ASUS\Desktop\Asignaturas\CUARTO\TDW\apiAnalesCiencia\vendor\slim\slim\Slim\Routing\Route.php(321): Slim\MiddlewareDispatcher->handle(Object(Slim\Http\ServerRequest))
#12 C:\Users\ASUS\Desktop\Asignaturas\CUARTO\TDW\apiAnalesCiencia\vendor\slim\slim\Slim\Routing\RouteRunner.php(74): Slim\Routing\Route->run(Object(Slim\Http\ServerRequest))
#13 C:\Users\ASUS\Desktop\Asignaturas\CUARTO\TDW\apiAnalesCiencia\vendor\slim\slim\Slim\Middleware\BodyParsingMiddleware.php(65): Slim\Routing\RouteRunner->handle(Object(Slim\Http\ServerRequest))
#14 C:\Users\ASUS\Desktop\Asignaturas\CUARTO\TDW\apiAnalesCiencia\vendor\slim\slim\Slim\MiddlewareDispatcher.php(129): Slim\Middleware\BodyParsingMiddleware->process(Object(Slim\Http\ServerRequest), Object(Slim\Routing\RouteRunner))
#15 C:\Users\ASUS\Desktop\Asignaturas\CUARTO\TDW\apiAnalesCiencia\src\Middleware\CorsMiddleware.php(35): Psr\Http\Server\RequestHandlerInterface@anonymous->handle(Object(Slim\Http\ServerRequest))
#16 C:\Users\ASUS\Desktop\Asignaturas\CUARTO\TDW\apiAnalesCiencia\vendor\slim\slim\Slim\MiddlewareDispatcher.php(177): TDW\ACiencia\Middleware\CorsMiddleware->process(Object(Slim\Http\ServerRequest), Object(Psr\Http\Server\RequestHandlerInterface@anonymous))
#17 C:\Users\ASUS\Desktop\Asignaturas\CUARTO\TDW\apiAnalesCiencia\vendor\slim\slim\Slim\Middleware\RoutingMiddleware.php(45): Psr\Http\Server\RequestHandlerInterface@anonymous->handle(Object(Slim\Http\ServerRequest))
#18 C:\Users\ASUS\Desktop\Asignaturas\CUARTO\TDW\apiAnalesCiencia\vendor\slim\slim\Slim\MiddlewareDispatcher.php(129): Slim\Middleware\RoutingMiddleware->process(Object(Slim\Http\ServerRequest), Object(Psr\Http\Server\RequestHandlerInterface@anonymous))
#19 C:\Users\ASUS\Desktop\Asignaturas\CUARTO\TDW\apiAnalesCiencia\vendor\slim\slim\Slim\Middleware\ErrorMiddleware.php(77): Psr\Http\Server\RequestHandlerInterface@anonymous->handle(Object(Slim\Http\ServerRequest))
#20 C:\Users\ASUS\Desktop\Asignaturas\CUARTO\TDW\apiAnalesCiencia\vendor\slim\slim\Slim\MiddlewareDispatcher.php(129): Slim\Middleware\ErrorMiddleware->process(Object(Slim\Http\ServerRequest), Object(Psr\Http\Server\RequestHandlerInterface@anonymous))
#21 C:\Users\ASUS\Desktop\Asignaturas\CUARTO\TDW\apiAnalesCiencia\vendor\slim\slim\Slim\MiddlewareDispatcher.php(73): Psr\Http\Server\RequestHandlerInterface@anonymous->handle(Object(Slim\Http\ServerRequest))
#22 C:\Users\ASUS\Desktop\Asignaturas\CUARTO\TDW\apiAnalesCiencia\vendor\slim\slim\Slim\App.php(209): Slim\MiddlewareDispatcher->handle(Object(Slim\Http\ServerRequest))
#23 C:\Users\ASUS\Desktop\Asignaturas\CUARTO\TDW\apiAnalesCiencia\vendor\slim\slim\Slim\App.php(193): Slim\App->handle(Object(Slim\Http\ServerRequest))
#24 C:\Users\ASUS\Desktop\Asignaturas\CUARTO\TDW\apiAnalesCiencia\public\index.php(19): Slim\App->run()
#25 {main} [] []
[2025-04-10T15:52:29.676867+02:00] json_error_renderer.ERROR: 
[2002] An exception occurred in the driver: SQLSTATE[HY000] [2002] No se puede establecer una conexión ya que el equipo de destino denegó expresamente dicha conexión in C:\Users\ASUS\Desktop\Asignaturas\CUARTO\TDW\apiAnalesCiencia\vendor\doctrine\dbal\src\Driver\API\MySQL\ExceptionConverter.php on line 80.
Backtrace:
#0 C:\Users\ASUS\Desktop\Asignaturas\CUARTO\TDW\apiAnalesCiencia\vendor\doctrine\dbal\src\Connection.php(1418): Doctrine\DBAL\Driver\API\MySQL\ExceptionConverter->convert(Object(Doctrine\DBAL\Driver\PDO\Exception), NULL)
#1 C:\Users\ASUS\Desktop\Asignaturas\CUARTO\TDW\apiAnalesCiencia\vendor\doctrine\dbal\src\Connection.php(1366): Doctrine\DBAL\Connection->handleDriverException(Object(Doctrine\DBAL\Driver\PDO\Exception), NULL)
#2 C:\Users\ASUS\Desktop\Asignaturas\CUARTO\TDW\apiAnalesCiencia\vendor\doctrine\dbal\src\Connection.php(227): Doctrine\DBAL\Connection->convertException(Object(Doctrine\DBAL\Driver\PDO\Exception))
#3 C:\Users\ASUS\Desktop\Asignaturas\CUARTO\TDW\apiAnalesCiencia\vendor\doctrine\dbal\src\Connection.php(770): Doctrine\DBAL\Connection->connect()
#4 C:\Users\ASUS\Desktop\Asignaturas\CUARTO\TDW\apiAnalesCiencia\vendor\doctrine\orm\src\Persisters\Entity\BasicEntityPersister.php(865): Doctrine\DBAL\Connection->executeQuery('SELECT COUNT(*)...', Array, Array)
#5 C:\Users\ASUS\Desktop\Asignaturas\CUARTO\TDW\apiAnalesCiencia\vendor\doctrine\orm\src\LazyCriteriaCollection.php(51): Doctrine\ORM\Persisters\Entity\BasicEntityPersister->count(Object(Doctrine\Common\Collections\Criteria))
#6 C:\Users\ASUS\Desktop\Asignaturas\CUARTO\TDW\apiAnalesCiencia\src\Controller\User\CreateCommand.php(58): Doctrine\ORM\LazyCriteriaCollection->count()
#7 C:\Users\ASUS\Desktop\Asignaturas\CUARTO\TDW\apiAnalesCiencia\vendor\slim\slim\Slim\Handlers\Strategies\RequestResponse.php(38): TDW\ACiencia\Controller\User\CreateCommand->__invoke(Object(Slim\Http\ServerRequest), Object(Slim\Http\Response), Array)
#8 C:\Users\ASUS\Desktop\Asignaturas\CUARTO\TDW\apiAnalesCiencia\vendor\slim\slim\Slim\Routing\Route.php(363): Slim\Handlers\Strategies\RequestResponse->__invoke(Array, Object(Slim\Http\ServerRequest), Object(Slim\Http\Response), Array)
#9 C:\Users\ASUS\Desktop\Asignaturas\CUARTO\TDW\apiAnalesCiencia\vendor\slim\slim\Slim\MiddlewareDispatcher.php(73): Slim\Routing\Route->handle(Object(Slim\Http\ServerRequest))
#10 C:\Users\ASUS\Desktop\Asignaturas\CUARTO\TDW\apiAnalesCiencia\vendor\slim\slim\Slim\MiddlewareDispatcher.php(73): Slim\MiddlewareDispatcher->handle(Object(Slim\Http\ServerRequest))
#11 C:\Users\ASUS\Desktop\Asignaturas\CUARTO\TDW\apiAnalesCiencia\vendor\slim\slim\Slim\Routing\Route.php(321): Slim\MiddlewareDispatcher->handle(Object(Slim\Http\ServerRequest))
#12 C:\Users\ASUS\Desktop\Asignaturas\CUARTO\TDW\apiAnalesCiencia\vendor\slim\slim\Slim\Routing\RouteRunner.php(74): Slim\Routing\Route->run(Object(Slim\Http\ServerRequest))
#13 C:\Users\ASUS\Desktop\Asignaturas\CUARTO\TDW\apiAnalesCiencia\vendor\slim\slim\Slim\Middleware\BodyParsingMiddleware.php(65): Slim\Routing\RouteRunner->handle(Object(Slim\Http\ServerRequest))
#14 C:\Users\ASUS\Desktop\Asignaturas\CUARTO\TDW\apiAnalesCiencia\vendor\slim\slim\Slim\MiddlewareDispatcher.php(129): Slim\Middleware\BodyParsingMiddleware->process(Object(Slim\Http\ServerRequest), Object(Slim\Routing\RouteRunner))
#15 C:\Users\ASUS\Desktop\Asignaturas\CUARTO\TDW\apiAnalesCiencia\src\Middleware\CorsMiddleware.php(35): Psr\Http\Server\RequestHandlerInterface@anonymous->handle(Object(Slim\Http\ServerRequest))
#16 C:\Users\ASUS\Desktop\Asignaturas\CUARTO\TDW\apiAnalesCiencia\vendor\slim\slim\Slim\MiddlewareDispatcher.php(177): TDW\ACiencia\Middleware\CorsMiddleware->process(Object(Slim\Http\ServerRequest), Object(Psr\Http\Server\RequestHandlerInterface@anonymous))
#17 C:\Users\ASUS\Desktop\Asignaturas\CUARTO\TDW\apiAnalesCiencia\vendor\slim\slim\Slim\Middleware\RoutingMiddleware.php(45): Psr\Http\Server\RequestHandlerInterface@anonymous->handle(Object(Slim\Http\ServerRequest))
#18 C:\Users\ASUS\Desktop\Asignaturas\CUARTO\TDW\apiAnalesCiencia\vendor\slim\slim\Slim\MiddlewareDispatcher.php(129): Slim\Middleware\RoutingMiddleware->process(Object(Slim\Http\ServerRequest), Object(Psr\Http\Server\RequestHandlerInterface@anonymous))
#19 C:\Users\ASUS\Desktop\Asignaturas\CUARTO\TDW\apiAnalesCiencia\vendor\slim\slim\Slim\Middleware\ErrorMiddleware.php(77): Psr\Http\Server\RequestHandlerInterface@anonymous->handle(Object(Slim\Http\ServerRequest))
#20 C:\Users\ASUS\Desktop\Asignaturas\CUARTO\TDW\apiAnalesCiencia\vendor\slim\slim\Slim\MiddlewareDispatcher.php(129): Slim\Middleware\ErrorMiddleware->process(Object(Slim\Http\ServerRequest), Object(Psr\Http\Server\RequestHandlerInterface@anonymous))
#21 C:\Users\ASUS\Desktop\Asignaturas\CUARTO\TDW\apiAnalesCiencia\vendor\slim\slim\Slim\MiddlewareDispatcher.php(73): Psr\Http\Server\RequestHandlerInterface@anonymous->handle(Object(Slim\Http\ServerRequest))
#22 C:\Users\ASUS\Desktop\Asignaturas\CUARTO\TDW\apiAnalesCiencia\vendor\slim\slim\Slim\App.php(209): Slim\MiddlewareDispatcher->handle(Object(Slim\Http\ServerRequest))
#23 C:\Users\ASUS\Desktop\Asignaturas\CUARTO\TDW\apiAnalesCiencia\vendor\slim\slim\Slim\App.php(193): Slim\App->handle(Object(Slim\Http\ServerRequest))
#24 C:\Users\ASUS\Desktop\Asignaturas\CUARTO\TDW\apiAnalesCiencia\public\index.php(19): Slim\App->run()
#25 {main} [] []
